#
# There is insufficient memory for the Java Runtime Environment to continue.
# Native memory allocation (malloc) failed to allocate 1657776 bytes for Chunk::new
# Possible reasons:
#   The system is out of physical RAM or swap space
#   The process is running with CompressedOops enabled, and the Java Heap may be blocking the growth of the native heap
# Possible solutions:
#   Reduce memory load on the system
#   Increase physical memory or swap space
#   Check if swap backing store is full
#   Decrease Java heap size (-Xmx/-Xms)
#   Decrease number of Java threads
#   Decrease Java thread stack sizes (-Xss)
#   Set larger code cache with -XX:ReservedCodeCacheSize=
#   JVM is running with Unscaled Compressed Oops mode in which the Java heap is
#     placed in the first 4GB address space. The Java Heap base address is the
#     maximum limit for the native heap growth. Please use -XX:HeapBaseMinAddress
#     to set the Java Heap base and to place the Java Heap above 4GB virtual address.
# This output file may be truncated or incomplete.
#
#  Out of Memory Error (arena.cpp:184), pid=29400, tid=52356
#
# JRE version: OpenJDK Runtime Environment Temurin-19.0.2+7 (19.0.2+7) (build 19.0.2+7)
# Java VM: OpenJDK 64-Bit Server VM Temurin-19.0.2+7 (19.0.2+7, mixed mode, sharing, tiered, compressed oops, compressed class ptrs, g1 gc, windows-amd64)
# No core dump will be written. Minidumps are not enabled by default on client versions of Windows
#

---------------  S U M M A R Y ------------

Command Line: --add-modules=ALL-SYSTEM --add-opens=java.base/java.util=ALL-UNNAMED --add-opens=java.base/java.lang=ALL-UNNAMED -Declipse.application=org.python.pydev.pydev_lsp.application -Dosgi.bundles.defaultStartLevel=4 -Declipse.product=org.python.pydev.pydev_lsp.product -Xmx1G -XX:+UseG1GC -XX:+UseStringDeduplication c:\Users\davil\.vscode\extensions\fabioz.vscode-pydev-0.15.2\server\plugins\org.eclipse.equinox.launcher_1.6.700.v20240213-1244.jar -configuration c:\Users\davil\.vscode\extensions\fabioz.vscode-pydev-0.15.2\server\config_win -data c:\Users\davil\AppData\Roaming\Code\User\workspaceStorage\7ee8a3e5cf2ddaea2bd8b2713b16515b\fabioz.vscode-pydev\pydev_ws

Host: AMD Ryzen 5 5600H with Radeon Graphics         , 12 cores, 13G,  Windows 11 , 64 bit Build 22621 (10.0.22621.5262)
Time: Sun May  4 01:37:57 2025 Hora est. Pacífico, Sudamérica elapsed time: 6355.026102 seconds (0d 1h 45m 55s)

---------------  T H R E A D  ---------------

Current thread (0x0000029dafd5e630):  JavaThread "C2 CompilerThread0" daemon [_thread_in_native, id=52356, stack(0x000000eb7e900000,0x000000eb7ea00000)]


Current CompileTask:
C2:6355026 10758       4       org.eclipse.core.internal.dtree.DataTreeWriter::writeNode (182 bytes)

Stack: [0x000000eb7e900000,0x000000eb7ea00000]
Native frames: (J=compiled Java code, j=interpreted, Vv=VM code, C=native code)
V  [jvm.dll+0x6e9e1a]
V  [jvm.dll+0x8a36c0]
V  [jvm.dll+0x8a50ae]
V  [jvm.dll+0x8a5763]
V  [jvm.dll+0x27bcdf]
V  [jvm.dll+0xc221f]
V  [jvm.dll+0xc2595]
V  [jvm.dll+0x3b7d61]
V  [jvm.dll+0x3815f1]
V  [jvm.dll+0x380a9a]
V  [jvm.dll+0x2452db]
V  [jvm.dll+0x244671]
V  [jvm.dll+0x1cf4b1]
V  [jvm.dll+0x254229]
V  [jvm.dll+0x252418]
V  [jvm.dll+0x85403d]
V  [jvm.dll+0x84de3a]
V  [jvm.dll+0x6e8abb]
C  [ucrtbase.dll+0x29333]
C  [KERNEL32.DLL+0x1259d]
C  [ntdll.dll+0x5af58]


---------------  P R O C E S S  ---------------

Threads class SMR info:
_java_thread_list=0x0000029db55370e0, length=30, elements={
0x0000029d941364b0, 0x0000029dafd4cd40, 0x0000029dafd4d670, 0x0000029dafd509d0,
0x0000029dafd56460, 0x0000029db40208a0, 0x0000029db40291e0, 0x0000029dafd5e630,
0x0000029db402e2e0, 0x0000029db4031050, 0x0000029dafd12e20, 0x0000029db41b3160,
0x0000029db49649f0, 0x0000029db486a9d0, 0x0000029db41d9570, 0x0000029db4aeabb0,
0x0000029db4bf8630, 0x0000029db4ee05a0, 0x0000029db4edf5b0, 0x0000029db4edfb00,
0x0000029db4ee0050, 0x0000029db57244e0, 0x0000029db5723f90, 0x0000029db5725f70,
0x0000029db5723a40, 0x0000029db5726f60, 0x0000029db7718130, 0x0000029db7717ba0,
0x0000029db57274b0, 0x0000029db5727a00
}

Java Threads: ( => current thread )
  0x0000029d941364b0 JavaThread "main" [_thread_blocked, id=35596, stack(0x000000eb7db00000,0x000000eb7dc00000)]
  0x0000029dafd4cd40 JavaThread "Reference Handler" daemon [_thread_blocked, id=43676, stack(0x000000eb7e300000,0x000000eb7e400000)]
  0x0000029dafd4d670 JavaThread "Finalizer" daemon [_thread_blocked, id=52992, stack(0x000000eb7e400000,0x000000eb7e500000)]
  0x0000029dafd509d0 JavaThread "Signal Dispatcher" daemon [_thread_blocked, id=9680, stack(0x000000eb7e500000,0x000000eb7e600000)]
  0x0000029dafd56460 JavaThread "Attach Listener" daemon [_thread_blocked, id=47272, stack(0x000000eb7e600000,0x000000eb7e700000)]
  0x0000029db40208a0 JavaThread "Service Thread" daemon [_thread_blocked, id=44852, stack(0x000000eb7e700000,0x000000eb7e800000)]
  0x0000029db40291e0 JavaThread "Monitor Deflation Thread" daemon [_thread_blocked, id=50928, stack(0x000000eb7e800000,0x000000eb7e900000)]
=>0x0000029dafd5e630 JavaThread "C2 CompilerThread0" daemon [_thread_in_native, id=52356, stack(0x000000eb7e900000,0x000000eb7ea00000)]
  0x0000029db402e2e0 JavaThread "C1 CompilerThread0" daemon [_thread_blocked, id=55064, stack(0x000000eb7ea00000,0x000000eb7eb00000)]
  0x0000029db4031050 JavaThread "Sweeper thread" daemon [_thread_blocked, id=44036, stack(0x000000eb7eb00000,0x000000eb7ec00000)]
  0x0000029dafd12e20 JavaThread "Common-Cleaner" daemon [_thread_blocked, id=14228, stack(0x000000eb7ec00000,0x000000eb7ed00000)]
  0x0000029db41b3160 JavaThread "Notification Thread" daemon [_thread_blocked, id=55908, stack(0x000000eb7ed00000,0x000000eb7ee00000)]
  0x0000029db49649f0 JavaThread "Active Thread: Equinox Container: db3c0e85-c47d-4551-8d07-c1acbb10c7fa" [_thread_blocked, id=47108, stack(0x000000eb7f100000,0x000000eb7f200000)]
  0x0000029db486a9d0 JavaThread "Framework Event Dispatcher: Equinox Container: db3c0e85-c47d-4551-8d07-c1acbb10c7fa" daemon [_thread_blocked, id=56744, stack(0x000000eb7f200000,0x000000eb7f300000)]
  0x0000029db41d9570 JavaThread "Start Level: Equinox Container: db3c0e85-c47d-4551-8d07-c1acbb10c7fa" daemon [_thread_blocked, id=38392, stack(0x000000eb7fc00000,0x000000eb7fd00000)]
  0x0000029db4aeabb0 JavaThread "SCR Component Actor" daemon [_thread_blocked, id=38560, stack(0x000000eb7ef00000,0x000000eb7f000000)]
  0x0000029db4bf8630 JavaThread "Worker-JM" [_thread_blocked, id=32252, stack(0x000000eb7fd00000,0x000000eb7fe00000)]
  0x0000029db4ee05a0 JavaThread "pool-2-thread-1" [_thread_blocked, id=44444, stack(0x000000eb00200000,0x000000eb00300000)]
  0x0000029db4edf5b0 JavaThread "pool-1-thread-1" [_thread_in_native, id=50684, stack(0x000000eb00300000,0x000000eb00400000)]
  0x0000029db4edfb00 JavaThread "FileSystemWatchService" daemon [_thread_in_native, id=53384, stack(0x000000eb00500000,0x000000eb00600000)]
  0x0000029db4ee0050 JavaThread "Thread-5" daemon [_thread_blocked, id=37684, stack(0x000000eb00600000,0x000000eb00700000)]
  0x0000029db57244e0 JavaThread "Thread-7" daemon [_thread_blocked, id=32004, stack(0x000000eb00a00000,0x000000eb00b00000)]
  0x0000029db5723f90 JavaThread "Worker-22" [_thread_blocked, id=13188, stack(0x000000eb00000000,0x000000eb00100000)]
  0x0000029db5725f70 JavaThread "Worker-33" [_thread_blocked, id=47224, stack(0x000000eb00700000,0x000000eb00800000)]
  0x0000029db5723a40 JavaThread "Worker-34" [_thread_blocked, id=36352, stack(0x000000eb00400000,0x000000eb00500000)]
  0x0000029db5726f60 JavaThread "ForkJoinPool.commonPool-worker-7" daemon [_thread_in_Java, id=49444, stack(0x000000eb00900000,0x000000eb00a00000)]
  0x0000029db7718130 JavaThread "C2 CompilerThread1" daemon [_thread_in_native, id=45520, stack(0x000000eb00b00000,0x000000eb00c00000)]
  0x0000029db7717ba0 JavaThread "C2 CompilerThread2" daemon [_thread_in_native, id=53164, stack(0x000000eb00c00000,0x000000eb00d00000)]
  0x0000029db57274b0 JavaThread "ForkJoinPool.commonPool-worker-8" daemon [_thread_blocked, id=15188, stack(0x000000eb00e00000,0x000000eb00f00000)]
  0x0000029db5727a00 JavaThread "Framework stop - Equinox Container: db3c0e85-c47d-4551-8d07-c1acbb10c7fa" [_thread_in_native, id=50688, stack(0x000000eb00f00000,0x000000eb01000000)]

Other Threads:
  0x0000029dafd337e0 VMThread "VM Thread" [stack: 0x000000eb7e200000,0x000000eb7e300000] [id=35468]
  0x0000029db41b36a0 WatcherThread "VM Periodic Task Thread" [stack: 0x000000eb7ee00000,0x000000eb7ef00000] [id=44044]
  0x0000029d94179370 WorkerThread "GC Thread#0" [stack: 0x000000eb7dc00000,0x000000eb7dd00000] [id=49364]
  0x0000029db4877350 WorkerThread "GC Thread#1" [stack: 0x000000eb7f300000,0x000000eb7f400000] [id=42592]
  0x0000029db4876540 WorkerThread "GC Thread#2" [stack: 0x000000eb7f400000,0x000000eb7f500000] [id=55848]
  0x0000029db4876810 WorkerThread "GC Thread#3" [stack: 0x000000eb7f500000,0x000000eb7f600000] [id=44944]
  0x0000029db4876ae0 WorkerThread "GC Thread#4" [stack: 0x000000eb7f600000,0x000000eb7f700000] [id=43564]
  0x0000029db4876db0 WorkerThread "GC Thread#5" [stack: 0x000000eb7f700000,0x000000eb7f800000] [id=55032]
  0x0000029db4877080 WorkerThread "GC Thread#6" [stack: 0x000000eb7f800000,0x000000eb7f900000] [id=28580]
  0x0000029db48778f0 WorkerThread "GC Thread#7" [stack: 0x000000eb7f900000,0x000000eb7fa00000] [id=55688]
  0x0000029db4877620 WorkerThread "GC Thread#8" [stack: 0x000000eb7fa00000,0x000000eb7fb00000] [id=53972]
  0x0000029db4877bc0 WorkerThread "GC Thread#9" [stack: 0x000000eb7fb00000,0x000000eb7fc00000] [id=12220]
  0x0000029d941822d0 ConcurrentGCThread "G1 Main Marker" [stack: 0x000000eb7dd00000,0x000000eb7de00000] [id=42124]
  0x0000029d94182d00 WorkerThread "G1 Conc#0" [stack: 0x000000eb7de00000,0x000000eb7df00000] [id=57336]
  0x0000029db4bd5b00 WorkerThread "G1 Conc#1" [stack: 0x000000eb00100000,0x000000eb00200000] [id=49464]
  0x0000029db4bd4480 WorkerThread "G1 Conc#2" [stack: 0x000000eb00800000,0x000000eb00900000] [id=33812]
  0x0000029dafbe5590 ConcurrentGCThread "G1 Refine#0" [stack: 0x000000eb7df00000,0x000000eb7e000000] [id=45984]
  0x0000029dafbe5d80 ConcurrentGCThread "G1 Service" [stack: 0x000000eb7e000000,0x000000eb7e100000] [id=32156]
  0x0000029dafd273b0 ConcurrentGCThread "StringDedupProcessor" [stack: 0x000000eb7e100000,0x000000eb7e200000] [id=38524]

Threads with active compile tasks:
C2 CompilerThread0  6355129 10758       4       org.eclipse.core.internal.dtree.DataTreeWriter::writeNode (182 bytes)
C2 CompilerThread1  6355129 10803       4       org.eclipse.core.internal.resources.SaveManager$$Lambda$362/0x0000000800e9b018::visitElement (43 bytes)
C2 CompilerThread2  6355129 10784 % !   4       java.util.jar.Attributes::read @ 12 (498 bytes)

VM state: not at safepoint (normal execution)

VM Mutex/Monitor currently owned by a thread: None

Heap address: 0x00000000c0000000, size: 1024 MB, Compressed Oops mode: 32-bit

CDS archive(s) mapped at: [0x0000000800000000-0x0000000800ad0000-0x0000000800ad0000), size 11337728, SharedBaseAddress: 0x0000000800000000, ArchiveRelocationMode: 0.
Compressed class space mapped at: 0x0000000800c00000-0x0000000840c00000, reserved size: 1073741824
Narrow klass base: 0x0000000800000000, Narrow klass shift: 0, Narrow klass range: 0x100000000

GC Precious Log:
 CardTable entry size: 512
 Card Set container configuration: InlinePtr #cards 5 size 8 Array Of Cards #cards 12 size 40 Howl #buckets 4 coarsen threshold 1843 Howl Bitmap #cards 512 size 80 coarsen threshold 460 Card regions per heap region 1 cards per card region 2048
 CPUs: 12 total, 12 available
 Memory: 14188M
 Large Page Support: Disabled
 NUMA Support: Disabled
 Compressed Oops: Enabled (32-bit)
 Heap Region Size: 1M
 Heap Min Capacity: 8M
 Heap Initial Capacity: 222M
 Heap Max Capacity: 1G
 Pre-touch: Disabled
 Parallel Workers: 10
 Concurrent Workers: 3
 Concurrent Refinement Workers: 10
 Periodic GC: Disabled
 String Deduplication is enabled

Heap:
 garbage-first heap   total 232448K, used 112041K [0x00000000c0000000, 0x0000000100000000)
  region size 1024K, 48 young (49152K), 1 survivors (1024K)
 Metaspace       used 31895K, committed 33152K, reserved 1114112K
  class space    used 3032K, committed 3648K, reserved 1048576K

Heap Regions: E=young(eden), S=young(survivor), O=old, HS=humongous(starts), HC=humongous(continues), CS=collection set, F=free, OA=open archive, CA=closed archive, TAMS=top-at-mark-start (previous, next)
|   0|0x00000000c0000000, 0x00000000c0100000, 0x00000000c0100000|100%| O|  |TAMS 0x00000000c0100000, 0x00000000c0000000| Untracked 
|   1|0x00000000c0100000, 0x00000000c0200000, 0x00000000c0200000|100%| O|  |TAMS 0x00000000c0200000, 0x00000000c0100000| Untracked 
|   2|0x00000000c0200000, 0x00000000c0300000, 0x00000000c0300000|100%| O|  |TAMS 0x00000000c0300000, 0x00000000c0200000| Untracked 
|   3|0x00000000c0300000, 0x00000000c0400000, 0x00000000c0400000|100%| O|  |TAMS 0x00000000c0400000, 0x00000000c0300000| Untracked 
|   4|0x00000000c0400000, 0x00000000c0500000, 0x00000000c0500000|100%| O|  |TAMS 0x00000000c0500000, 0x00000000c0400000| Untracked 
|   5|0x00000000c0500000, 0x00000000c0600000, 0x00000000c0600000|100%| O|  |TAMS 0x00000000c0600000, 0x00000000c0500000| Untracked 
|   6|0x00000000c0600000, 0x00000000c0700000, 0x00000000c0700000|100%| O|  |TAMS 0x00000000c0700000, 0x00000000c0600000| Untracked 
|   7|0x00000000c0700000, 0x00000000c0800000, 0x00000000c0800000|100%| O|  |TAMS 0x00000000c0800000, 0x00000000c0700000| Untracked 
|   8|0x00000000c0800000, 0x00000000c0900000, 0x00000000c0900000|100%| O|  |TAMS 0x00000000c0900000, 0x00000000c0800000| Untracked 
|   9|0x00000000c0900000, 0x00000000c0a00000, 0x00000000c0a00000|100%| O|  |TAMS 0x00000000c0a00000, 0x00000000c0900000| Untracked 
|  10|0x00000000c0a00000, 0x00000000c0b00000, 0x00000000c0b00000|100%| O|  |TAMS 0x00000000c0b00000, 0x00000000c0a00000| Untracked 
|  11|0x00000000c0b00000, 0x00000000c0c00000, 0x00000000c0c00000|100%| O|  |TAMS 0x00000000c0c00000, 0x00000000c0b00000| Untracked 
|  12|0x00000000c0c00000, 0x00000000c0c00000, 0x00000000c0d00000|  0%| F|  |TAMS 0x00000000c0c00000, 0x00000000c0c00000| Untracked 
|  13|0x00000000c0d00000, 0x00000000c0e00000, 0x00000000c0e00000|100%| O|  |TAMS 0x00000000c0e00000, 0x00000000c0d00000| Untracked 
|  14|0x00000000c0e00000, 0x00000000c0f00000, 0x00000000c0f00000|100%| O|  |TAMS 0x00000000c0f00000, 0x00000000c0e00000| Untracked 
|  15|0x00000000c0f00000, 0x00000000c1000000, 0x00000000c1000000|100%| O|  |TAMS 0x00000000c1000000, 0x00000000c0f00000| Untracked 
|  16|0x00000000c1000000, 0x00000000c1100000, 0x00000000c1100000|100%| O|  |TAMS 0x00000000c1100000, 0x00000000c1000000| Untracked 
|  17|0x00000000c1100000, 0x00000000c1200000, 0x00000000c1200000|100%| O|  |TAMS 0x00000000c1200000, 0x00000000c1100000| Untracked 
|  18|0x00000000c1200000, 0x00000000c1300000, 0x00000000c1300000|100%| O|  |TAMS 0x00000000c1300000, 0x00000000c1200000| Untracked 
|  19|0x00000000c1300000, 0x00000000c1400000, 0x00000000c1400000|100%| O|  |TAMS 0x00000000c1400000, 0x00000000c1300000| Untracked 
|  20|0x00000000c1400000, 0x00000000c1500000, 0x00000000c1500000|100%| O|  |TAMS 0x00000000c1500000, 0x00000000c1400000| Untracked 
|  21|0x00000000c1500000, 0x00000000c1600000, 0x00000000c1600000|100%| O|  |TAMS 0x00000000c1600000, 0x00000000c1500000| Untracked 
|  22|0x00000000c1600000, 0x00000000c1700000, 0x00000000c1700000|100%| O|  |TAMS 0x00000000c1700000, 0x00000000c1600000| Untracked 
|  23|0x00000000c1700000, 0x00000000c1800000, 0x00000000c1800000|100%| O|  |TAMS 0x00000000c1800000, 0x00000000c1700000| Untracked 
|  24|0x00000000c1800000, 0x00000000c1900000, 0x00000000c1900000|100%| O|  |TAMS 0x00000000c1900000, 0x00000000c1800000| Untracked 
|  25|0x00000000c1900000, 0x00000000c1a00000, 0x00000000c1a00000|100%|HS|  |TAMS 0x00000000c1a00000, 0x00000000c1900000| Complete 
|  26|0x00000000c1a00000, 0x00000000c1b00000, 0x00000000c1b00000|100%| O|  |TAMS 0x00000000c1b00000, 0x00000000c1a00000| Untracked 
|  27|0x00000000c1b00000, 0x00000000c1b4e800, 0x00000000c1c00000| 30%| O|  |TAMS 0x00000000c1b4c600, 0x00000000c1b00000| Complete 
|  28|0x00000000c1c00000, 0x00000000c1d00000, 0x00000000c1d00000|100%| O|  |TAMS 0x00000000c1d00000, 0x00000000c1c00000| Untracked 
|  29|0x00000000c1d00000, 0x00000000c1e00000, 0x00000000c1e00000|100%| O|  |TAMS 0x00000000c1e00000, 0x00000000c1d00000| Untracked 
|  30|0x00000000c1e00000, 0x00000000c1f00000, 0x00000000c1f00000|100%| O|  |TAMS 0x00000000c1f00000, 0x00000000c1e00000| Untracked 
|  31|0x00000000c1f00000, 0x00000000c2000000, 0x00000000c2000000|100%| O|  |TAMS 0x00000000c2000000, 0x00000000c1f00000| Untracked 
|  32|0x00000000c2000000, 0x00000000c2100000, 0x00000000c2100000|100%| O|  |TAMS 0x00000000c2100000, 0x00000000c2000000| Untracked 
|  33|0x00000000c2100000, 0x00000000c2200000, 0x00000000c2200000|100%| O|  |TAMS 0x00000000c2200000, 0x00000000c2100000| Untracked 
|  34|0x00000000c2200000, 0x00000000c2300000, 0x00000000c2300000|100%| O|  |TAMS 0x00000000c2300000, 0x00000000c2200000| Untracked 
|  35|0x00000000c2300000, 0x00000000c2400000, 0x00000000c2400000|100%| O|  |TAMS 0x00000000c2400000, 0x00000000c2300000| Untracked 
|  36|0x00000000c2400000, 0x00000000c2500000, 0x00000000c2500000|100%| O|  |TAMS 0x00000000c2500000, 0x00000000c2400000| Untracked 
|  37|0x00000000c2500000, 0x00000000c2600000, 0x00000000c2600000|100%| O|  |TAMS 0x00000000c2600000, 0x00000000c2500000| Untracked 
|  38|0x00000000c2600000, 0x00000000c2700000, 0x00000000c2700000|100%| O|  |TAMS 0x00000000c2700000, 0x00000000c2600000| Untracked 
|  39|0x00000000c2700000, 0x00000000c2800000, 0x00000000c2800000|100%| O|  |TAMS 0x00000000c2800000, 0x00000000c2700000| Untracked 
|  40|0x00000000c2800000, 0x00000000c2900000, 0x00000000c2900000|100%| O|  |TAMS 0x00000000c2900000, 0x00000000c2800000| Untracked 
|  41|0x00000000c2900000, 0x00000000c2a00000, 0x00000000c2a00000|100%| O|  |TAMS 0x00000000c2a00000, 0x00000000c2900000| Untracked 
|  42|0x00000000c2a00000, 0x00000000c2b00000, 0x00000000c2b00000|100%| O|  |TAMS 0x00000000c2b00000, 0x00000000c2a00000| Untracked 
|  43|0x00000000c2b00000, 0x00000000c2c00000, 0x00000000c2c00000|100%| O|  |TAMS 0x00000000c2c00000, 0x00000000c2b00000| Untracked 
|  44|0x00000000c2c00000, 0x00000000c2d00000, 0x00000000c2d00000|100%| O|  |TAMS 0x00000000c2d00000, 0x00000000c2c00000| Untracked 
|  45|0x00000000c2d00000, 0x00000000c2e00000, 0x00000000c2e00000|100%| O|  |TAMS 0x00000000c2e00000, 0x00000000c2d00000| Untracked 
|  46|0x00000000c2e00000, 0x00000000c2f00000, 0x00000000c2f00000|100%| O|  |TAMS 0x00000000c2f00000, 0x00000000c2e00000| Untracked 
|  47|0x00000000c2f00000, 0x00000000c3000000, 0x00000000c3000000|100%| O|  |TAMS 0x00000000c3000000, 0x00000000c2f00000| Untracked 
|  48|0x00000000c3000000, 0x00000000c3100000, 0x00000000c3100000|100%| O|  |TAMS 0x00000000c3100000, 0x00000000c3000000| Untracked 
|  49|0x00000000c3100000, 0x00000000c3200000, 0x00000000c3200000|100%| O|  |TAMS 0x00000000c3200000, 0x00000000c3100000| Untracked 
|  50|0x00000000c3200000, 0x00000000c3300000, 0x00000000c3300000|100%| O|  |TAMS 0x00000000c3300000, 0x00000000c3200000| Untracked 
|  51|0x00000000c3300000, 0x00000000c3400000, 0x00000000c3400000|100%| O|  |TAMS 0x00000000c3400000, 0x00000000c3300000| Untracked 
|  52|0x00000000c3400000, 0x00000000c3500000, 0x00000000c3500000|100%| O|  |TAMS 0x00000000c3500000, 0x00000000c3400000| Untracked 
|  53|0x00000000c3500000, 0x00000000c3600000, 0x00000000c3600000|100%| O|  |TAMS 0x00000000c3600000, 0x00000000c3500000| Untracked 
|  54|0x00000000c3600000, 0x00000000c3700000, 0x00000000c3700000|100%| O|  |TAMS 0x00000000c3700000, 0x00000000c3600000| Untracked 
|  55|0x00000000c3700000, 0x00000000c3800000, 0x00000000c3800000|100%| O|  |TAMS 0x00000000c3800000, 0x00000000c3700000| Untracked 
|  56|0x00000000c3800000, 0x00000000c3900000, 0x00000000c3900000|100%| O|  |TAMS 0x00000000c3900000, 0x00000000c3800000| Untracked 
|  57|0x00000000c3900000, 0x00000000c3900000, 0x00000000c3a00000|  0%| F|  |TAMS 0x00000000c3900000, 0x00000000c3900000| Untracked 
|  58|0x00000000c3a00000, 0x00000000c3a00000, 0x00000000c3b00000|  0%| F|  |TAMS 0x00000000c3a00000, 0x00000000c3a00000| Untracked 
|  59|0x00000000c3b00000, 0x00000000c3b00000, 0x00000000c3c00000|  0%| F|  |TAMS 0x00000000c3b00000, 0x00000000c3b00000| Untracked 
|  60|0x00000000c3c00000, 0x00000000c3d00000, 0x00000000c3d00000|100%| O|  |TAMS 0x00000000c3d00000, 0x00000000c3c00000| Untracked 
|  61|0x00000000c3d00000, 0x00000000c3d00000, 0x00000000c3e00000|  0%| F|  |TAMS 0x00000000c3d00000, 0x00000000c3d00000| Untracked 
|  62|0x00000000c3e00000, 0x00000000c3f00000, 0x00000000c3f00000|100%| O|  |TAMS 0x00000000c3f00000, 0x00000000c3e00000| Untracked 
|  63|0x00000000c3f00000, 0x00000000c4000000, 0x00000000c4000000|100%| O|  |TAMS 0x00000000c4000000, 0x00000000c3f00000| Untracked 
|  64|0x00000000c4000000, 0x00000000c4100000, 0x00000000c4100000|100%| O|  |TAMS 0x00000000c4100000, 0x00000000c4000000| Untracked 
|  65|0x00000000c4100000, 0x00000000c4200000, 0x00000000c4200000|100%| O|  |TAMS 0x00000000c4200000, 0x00000000c4100000| Untracked 
|  66|0x00000000c4200000, 0x00000000c4200000, 0x00000000c4300000|  0%| F|  |TAMS 0x00000000c4200000, 0x00000000c4200000| Untracked 
|  67|0x00000000c4300000, 0x00000000c4400000, 0x00000000c4400000|100%| O|  |TAMS 0x00000000c4400000, 0x00000000c4300000| Untracked 
|  68|0x00000000c4400000, 0x00000000c4400000, 0x00000000c4500000|  0%| F|  |TAMS 0x00000000c4400000, 0x00000000c4400000| Untracked 
|  69|0x00000000c4500000, 0x00000000c4500000, 0x00000000c4600000|  0%| F|  |TAMS 0x00000000c4500000, 0x00000000c4500000| Untracked 
|  70|0x00000000c4600000, 0x00000000c4600000, 0x00000000c4700000|  0%| F|  |TAMS 0x00000000c4600000, 0x00000000c4600000| Untracked 
|  71|0x00000000c4700000, 0x00000000c4800000, 0x00000000c4800000|100%| O|  |TAMS 0x00000000c4800000, 0x00000000c4700000| Untracked 
|  72|0x00000000c4800000, 0x00000000c4900000, 0x00000000c4900000|100%| O|  |TAMS 0x00000000c4900000, 0x00000000c4800000| Untracked 
|  73|0x00000000c4900000, 0x00000000c4900000, 0x00000000c4a00000|  0%| F|  |TAMS 0x00000000c4900000, 0x00000000c4900000| Untracked 
|  74|0x00000000c4a00000, 0x00000000c4a00000, 0x00000000c4b00000|  0%| F|  |TAMS 0x00000000c4a00000, 0x00000000c4a00000| Untracked 
|  75|0x00000000c4b00000, 0x00000000c4b00000, 0x00000000c4c00000|  0%| F|  |TAMS 0x00000000c4b00000, 0x00000000c4b00000| Untracked 
|  76|0x00000000c4c00000, 0x00000000c4c00000, 0x00000000c4d00000|  0%| F|  |TAMS 0x00000000c4c00000, 0x00000000c4c00000| Untracked 
|  77|0x00000000c4d00000, 0x00000000c4d00000, 0x00000000c4e00000|  0%| F|  |TAMS 0x00000000c4d00000, 0x00000000c4d00000| Untracked 
|  78|0x00000000c4e00000, 0x00000000c4e00000, 0x00000000c4f00000|  0%| F|  |TAMS 0x00000000c4e00000, 0x00000000c4e00000| Untracked 
|  79|0x00000000c4f00000, 0x00000000c4f00000, 0x00000000c5000000|  0%| F|  |TAMS 0x00000000c4f00000, 0x00000000c4f00000| Untracked 
|  80|0x00000000c5000000, 0x00000000c5000000, 0x00000000c5100000|  0%| F|  |TAMS 0x00000000c5000000, 0x00000000c5000000| Untracked 
|  81|0x00000000c5100000, 0x00000000c5100000, 0x00000000c5200000|  0%| F|  |TAMS 0x00000000c5100000, 0x00000000c5100000| Untracked 
|  82|0x00000000c5200000, 0x00000000c5200000, 0x00000000c5300000|  0%| F|  |TAMS 0x00000000c5200000, 0x00000000c5200000| Untracked 
|  83|0x00000000c5300000, 0x00000000c5300000, 0x00000000c5400000|  0%| F|  |TAMS 0x00000000c5300000, 0x00000000c5300000| Untracked 
|  84|0x00000000c5400000, 0x00000000c5400000, 0x00000000c5500000|  0%| F|  |TAMS 0x00000000c5400000, 0x00000000c5400000| Untracked 
|  85|0x00000000c5500000, 0x00000000c5500000, 0x00000000c5600000|  0%| F|  |TAMS 0x00000000c5500000, 0x00000000c5500000| Untracked 
|  86|0x00000000c5600000, 0x00000000c5600000, 0x00000000c5700000|  0%| F|  |TAMS 0x00000000c5600000, 0x00000000c5600000| Untracked 
|  87|0x00000000c5700000, 0x00000000c5700000, 0x00000000c5800000|  0%| F|  |TAMS 0x00000000c5700000, 0x00000000c5700000| Untracked 
|  88|0x00000000c5800000, 0x00000000c5800000, 0x00000000c5900000|  0%| F|  |TAMS 0x00000000c5800000, 0x00000000c5800000| Untracked 
|  89|0x00000000c5900000, 0x00000000c5900000, 0x00000000c5a00000|  0%| F|  |TAMS 0x00000000c5900000, 0x00000000c5900000| Untracked 
|  90|0x00000000c5a00000, 0x00000000c5a00000, 0x00000000c5b00000|  0%| F|  |TAMS 0x00000000c5a00000, 0x00000000c5a00000| Untracked 
|  91|0x00000000c5b00000, 0x00000000c5b1be18, 0x00000000c5c00000| 10%| S|CS|TAMS 0x00000000c5b00000, 0x00000000c5b00000| Complete 
|  92|0x00000000c5c00000, 0x00000000c5c00000, 0x00000000c5d00000|  0%| F|  |TAMS 0x00000000c5c00000, 0x00000000c5c00000| Untracked 
|  93|0x00000000c5d00000, 0x00000000c5d00000, 0x00000000c5e00000|  0%| F|  |TAMS 0x00000000c5d00000, 0x00000000c5d00000| Untracked 
|  94|0x00000000c5e00000, 0x00000000c5e00000, 0x00000000c5f00000|  0%| F|  |TAMS 0x00000000c5e00000, 0x00000000c5e00000| Untracked 
|  95|0x00000000c5f00000, 0x00000000c5f00000, 0x00000000c6000000|  0%| F|  |TAMS 0x00000000c5f00000, 0x00000000c5f00000| Untracked 
|  96|0x00000000c6000000, 0x00000000c6000000, 0x00000000c6100000|  0%| F|  |TAMS 0x00000000c6000000, 0x00000000c6000000| Untracked 
|  97|0x00000000c6100000, 0x00000000c6100000, 0x00000000c6200000|  0%| F|  |TAMS 0x00000000c6100000, 0x00000000c6100000| Untracked 
|  98|0x00000000c6200000, 0x00000000c6200000, 0x00000000c6300000|  0%| F|  |TAMS 0x00000000c6200000, 0x00000000c6200000| Untracked 
|  99|0x00000000c6300000, 0x00000000c6300000, 0x00000000c6400000|  0%| F|  |TAMS 0x00000000c6300000, 0x00000000c6300000| Untracked 
| 100|0x00000000c6400000, 0x00000000c6400000, 0x00000000c6500000|  0%| F|  |TAMS 0x00000000c6400000, 0x00000000c6400000| Untracked 
| 101|0x00000000c6500000, 0x00000000c6500000, 0x00000000c6600000|  0%| F|  |TAMS 0x00000000c6500000, 0x00000000c6500000| Untracked 
| 102|0x00000000c6600000, 0x00000000c6600000, 0x00000000c6700000|  0%| F|  |TAMS 0x00000000c6600000, 0x00000000c6600000| Untracked 
| 103|0x00000000c6700000, 0x00000000c6700000, 0x00000000c6800000|  0%| F|  |TAMS 0x00000000c6700000, 0x00000000c6700000| Untracked 
| 104|0x00000000c6800000, 0x00000000c6800000, 0x00000000c6900000|  0%| F|  |TAMS 0x00000000c6800000, 0x00000000c6800000| Untracked 
| 105|0x00000000c6900000, 0x00000000c6900000, 0x00000000c6a00000|  0%| F|  |TAMS 0x00000000c6900000, 0x00000000c6900000| Untracked 
| 106|0x00000000c6a00000, 0x00000000c6a00000, 0x00000000c6b00000|  0%| F|  |TAMS 0x00000000c6a00000, 0x00000000c6a00000| Untracked 
| 107|0x00000000c6b00000, 0x00000000c6b00000, 0x00000000c6c00000|  0%| F|  |TAMS 0x00000000c6b00000, 0x00000000c6b00000| Untracked 
| 108|0x00000000c6c00000, 0x00000000c6c00000, 0x00000000c6d00000|  0%| F|  |TAMS 0x00000000c6c00000, 0x00000000c6c00000| Untracked 
| 109|0x00000000c6d00000, 0x00000000c6d00000, 0x00000000c6e00000|  0%| F|  |TAMS 0x00000000c6d00000, 0x00000000c6d00000| Untracked 
| 110|0x00000000c6e00000, 0x00000000c6e00000, 0x00000000c6f00000|  0%| F|  |TAMS 0x00000000c6e00000, 0x00000000c6e00000| Untracked 
| 111|0x00000000c6f00000, 0x00000000c6f00000, 0x00000000c7000000|  0%| F|  |TAMS 0x00000000c6f00000, 0x00000000c6f00000| Untracked 
| 112|0x00000000c7000000, 0x00000000c7000000, 0x00000000c7100000|  0%| F|  |TAMS 0x00000000c7000000, 0x00000000c7000000| Untracked 
| 113|0x00000000c7100000, 0x00000000c7100000, 0x00000000c7200000|  0%| F|  |TAMS 0x00000000c7100000, 0x00000000c7100000| Untracked 
| 114|0x00000000c7200000, 0x00000000c7200000, 0x00000000c7300000|  0%| F|  |TAMS 0x00000000c7200000, 0x00000000c7200000| Untracked 
| 115|0x00000000c7300000, 0x00000000c7300000, 0x00000000c7400000|  0%| F|  |TAMS 0x00000000c7300000, 0x00000000c7300000| Untracked 
| 116|0x00000000c7400000, 0x00000000c7400000, 0x00000000c7500000|  0%| F|  |TAMS 0x00000000c7400000, 0x00000000c7400000| Untracked 
| 117|0x00000000c7500000, 0x00000000c7500000, 0x00000000c7600000|  0%| F|  |TAMS 0x00000000c7500000, 0x00000000c7500000| Untracked 
| 118|0x00000000c7600000, 0x00000000c7600000, 0x00000000c7700000|  0%| F|  |TAMS 0x00000000c7600000, 0x00000000c7600000| Untracked 
| 119|0x00000000c7700000, 0x00000000c7700000, 0x00000000c7800000|  0%| F|  |TAMS 0x00000000c7700000, 0x00000000c7700000| Untracked 
| 120|0x00000000c7800000, 0x00000000c7800000, 0x00000000c7900000|  0%| F|  |TAMS 0x00000000c7800000, 0x00000000c7800000| Untracked 
| 121|0x00000000c7900000, 0x00000000c7900000, 0x00000000c7a00000|  0%| F|  |TAMS 0x00000000c7900000, 0x00000000c7900000| Untracked 
| 122|0x00000000c7a00000, 0x00000000c7a00000, 0x00000000c7b00000|  0%| F|  |TAMS 0x00000000c7a00000, 0x00000000c7a00000| Untracked 
| 123|0x00000000c7b00000, 0x00000000c7b00000, 0x00000000c7c00000|  0%| F|  |TAMS 0x00000000c7b00000, 0x00000000c7b00000| Untracked 
| 124|0x00000000c7c00000, 0x00000000c7c00000, 0x00000000c7d00000|  0%| F|  |TAMS 0x00000000c7c00000, 0x00000000c7c00000| Untracked 
| 125|0x00000000c7d00000, 0x00000000c7d00000, 0x00000000c7e00000|  0%| F|  |TAMS 0x00000000c7d00000, 0x00000000c7d00000| Untracked 
| 126|0x00000000c7e00000, 0x00000000c7e00000, 0x00000000c7f00000|  0%| F|  |TAMS 0x00000000c7e00000, 0x00000000c7e00000| Untracked 
| 127|0x00000000c7f00000, 0x00000000c7f00000, 0x00000000c8000000|  0%| F|  |TAMS 0x00000000c7f00000, 0x00000000c7f00000| Untracked 
| 128|0x00000000c8000000, 0x00000000c8000000, 0x00000000c8100000|  0%| F|  |TAMS 0x00000000c8000000, 0x00000000c8000000| Untracked 
| 129|0x00000000c8100000, 0x00000000c8100000, 0x00000000c8200000|  0%| F|  |TAMS 0x00000000c8100000, 0x00000000c8100000| Untracked 
| 130|0x00000000c8200000, 0x00000000c8200000, 0x00000000c8300000|  0%| F|  |TAMS 0x00000000c8200000, 0x00000000c8200000| Untracked 
| 131|0x00000000c8300000, 0x00000000c8300000, 0x00000000c8400000|  0%| F|  |TAMS 0x00000000c8300000, 0x00000000c8300000| Untracked 
| 132|0x00000000c8400000, 0x00000000c8400000, 0x00000000c8500000|  0%| F|  |TAMS 0x00000000c8400000, 0x00000000c8400000| Untracked 
| 133|0x00000000c8500000, 0x00000000c8500000, 0x00000000c8600000|  0%| F|  |TAMS 0x00000000c8500000, 0x00000000c8500000| Untracked 
| 134|0x00000000c8600000, 0x00000000c8600000, 0x00000000c8700000|  0%| F|  |TAMS 0x00000000c8600000, 0x00000000c8600000| Untracked 
| 135|0x00000000c8700000, 0x00000000c8700000, 0x00000000c8800000|  0%| F|  |TAMS 0x00000000c8700000, 0x00000000c8700000| Untracked 
| 136|0x00000000c8800000, 0x00000000c8800000, 0x00000000c8900000|  0%| F|  |TAMS 0x00000000c8800000, 0x00000000c8800000| Untracked 
| 137|0x00000000c8900000, 0x00000000c8900000, 0x00000000c8a00000|  0%| F|  |TAMS 0x00000000c8900000, 0x00000000c8900000| Untracked 
| 138|0x00000000c8a00000, 0x00000000c8a00000, 0x00000000c8b00000|  0%| F|  |TAMS 0x00000000c8a00000, 0x00000000c8a00000| Untracked 
| 139|0x00000000c8b00000, 0x00000000c8b00000, 0x00000000c8c00000|  0%| F|  |TAMS 0x00000000c8b00000, 0x00000000c8b00000| Untracked 
| 140|0x00000000c8c00000, 0x00000000c8c00000, 0x00000000c8d00000|  0%| F|  |TAMS 0x00000000c8c00000, 0x00000000c8c00000| Untracked 
| 141|0x00000000c8d00000, 0x00000000c8d00000, 0x00000000c8e00000|  0%| F|  |TAMS 0x00000000c8d00000, 0x00000000c8d00000| Untracked 
| 142|0x00000000c8e00000, 0x00000000c8e00000, 0x00000000c8f00000|  0%| F|  |TAMS 0x00000000c8e00000, 0x00000000c8e00000| Untracked 
| 143|0x00000000c8f00000, 0x00000000c8f00000, 0x00000000c9000000|  0%| F|  |TAMS 0x00000000c8f00000, 0x00000000c8f00000| Untracked 
| 144|0x00000000c9000000, 0x00000000c9000000, 0x00000000c9100000|  0%| F|  |TAMS 0x00000000c9000000, 0x00000000c9000000| Untracked 
| 145|0x00000000c9100000, 0x00000000c9100000, 0x00000000c9200000|  0%| F|  |TAMS 0x00000000c9100000, 0x00000000c9100000| Untracked 
| 146|0x00000000c9200000, 0x00000000c9200000, 0x00000000c9300000|  0%| F|  |TAMS 0x00000000c9200000, 0x00000000c9200000| Untracked 
| 147|0x00000000c9300000, 0x00000000c9300000, 0x00000000c9400000|  0%| F|  |TAMS 0x00000000c9300000, 0x00000000c9300000| Untracked 
| 148|0x00000000c9400000, 0x00000000c9400000, 0x00000000c9500000|  0%| F|  |TAMS 0x00000000c9400000, 0x00000000c9400000| Untracked 
| 149|0x00000000c9500000, 0x00000000c9500000, 0x00000000c9600000|  0%| F|  |TAMS 0x00000000c9500000, 0x00000000c9500000| Untracked 
| 150|0x00000000c9600000, 0x00000000c9600000, 0x00000000c9700000|  0%| F|  |TAMS 0x00000000c9600000, 0x00000000c9600000| Untracked 
| 151|0x00000000c9700000, 0x00000000c9700000, 0x00000000c9800000|  0%| F|  |TAMS 0x00000000c9700000, 0x00000000c9700000| Untracked 
| 152|0x00000000c9800000, 0x00000000c9800000, 0x00000000c9900000|  0%| F|  |TAMS 0x00000000c9800000, 0x00000000c9800000| Untracked 
| 153|0x00000000c9900000, 0x00000000c9900000, 0x00000000c9a00000|  0%| F|  |TAMS 0x00000000c9900000, 0x00000000c9900000| Untracked 
| 154|0x00000000c9a00000, 0x00000000c9a00000, 0x00000000c9b00000|  0%| F|  |TAMS 0x00000000c9a00000, 0x00000000c9a00000| Untracked 
| 155|0x00000000c9b00000, 0x00000000c9b00000, 0x00000000c9c00000|  0%| F|  |TAMS 0x00000000c9b00000, 0x00000000c9b00000| Untracked 
| 156|0x00000000c9c00000, 0x00000000c9c00000, 0x00000000c9d00000|  0%| F|  |TAMS 0x00000000c9c00000, 0x00000000c9c00000| Untracked 
| 157|0x00000000c9d00000, 0x00000000c9d00000, 0x00000000c9e00000|  0%| F|  |TAMS 0x00000000c9d00000, 0x00000000c9d00000| Untracked 
| 158|0x00000000c9e00000, 0x00000000c9e00000, 0x00000000c9f00000|  0%| F|  |TAMS 0x00000000c9e00000, 0x00000000c9e00000| Untracked 
| 159|0x00000000c9f00000, 0x00000000c9f00000, 0x00000000ca000000|  0%| F|  |TAMS 0x00000000c9f00000, 0x00000000c9f00000| Untracked 
| 160|0x00000000ca000000, 0x00000000ca000000, 0x00000000ca100000|  0%| F|  |TAMS 0x00000000ca000000, 0x00000000ca000000| Untracked 
| 161|0x00000000ca100000, 0x00000000ca100000, 0x00000000ca200000|  0%| F|  |TAMS 0x00000000ca100000, 0x00000000ca100000| Untracked 
| 162|0x00000000ca200000, 0x00000000ca200000, 0x00000000ca300000|  0%| F|  |TAMS 0x00000000ca200000, 0x00000000ca200000| Untracked 
| 163|0x00000000ca300000, 0x00000000ca300000, 0x00000000ca400000|  0%| F|  |TAMS 0x00000000ca300000, 0x00000000ca300000| Untracked 
| 164|0x00000000ca400000, 0x00000000ca400000, 0x00000000ca500000|  0%| F|  |TAMS 0x00000000ca400000, 0x00000000ca400000| Untracked 
| 165|0x00000000ca500000, 0x00000000ca500000, 0x00000000ca600000|  0%| F|  |TAMS 0x00000000ca500000, 0x00000000ca500000| Untracked 
| 166|0x00000000ca600000, 0x00000000ca600000, 0x00000000ca700000|  0%| F|  |TAMS 0x00000000ca600000, 0x00000000ca600000| Untracked 
| 167|0x00000000ca700000, 0x00000000ca700000, 0x00000000ca800000|  0%| F|  |TAMS 0x00000000ca700000, 0x00000000ca700000| Untracked 
| 168|0x00000000ca800000, 0x00000000ca800000, 0x00000000ca900000|  0%| F|  |TAMS 0x00000000ca800000, 0x00000000ca800000| Untracked 
| 169|0x00000000ca900000, 0x00000000ca900000, 0x00000000caa00000|  0%| F|  |TAMS 0x00000000ca900000, 0x00000000ca900000| Untracked 
| 170|0x00000000caa00000, 0x00000000caa00000, 0x00000000cab00000|  0%| F|  |TAMS 0x00000000caa00000, 0x00000000caa00000| Untracked 
| 171|0x00000000cab00000, 0x00000000cab00000, 0x00000000cac00000|  0%| F|  |TAMS 0x00000000cab00000, 0x00000000cab00000| Untracked 
| 172|0x00000000cac00000, 0x00000000cac00000, 0x00000000cad00000|  0%| F|  |TAMS 0x00000000cac00000, 0x00000000cac00000| Untracked 
| 173|0x00000000cad00000, 0x00000000cad00000, 0x00000000cae00000|  0%| F|  |TAMS 0x00000000cad00000, 0x00000000cad00000| Untracked 
| 174|0x00000000cae00000, 0x00000000cae00000, 0x00000000caf00000|  0%| F|  |TAMS 0x00000000cae00000, 0x00000000cae00000| Untracked 
| 175|0x00000000caf00000, 0x00000000caf00000, 0x00000000cb000000|  0%| F|  |TAMS 0x00000000caf00000, 0x00000000caf00000| Untracked 
| 176|0x00000000cb000000, 0x00000000cb000000, 0x00000000cb100000|  0%| F|  |TAMS 0x00000000cb000000, 0x00000000cb000000| Untracked 
| 177|0x00000000cb100000, 0x00000000cb100000, 0x00000000cb200000|  0%| F|  |TAMS 0x00000000cb100000, 0x00000000cb100000| Untracked 
| 178|0x00000000cb200000, 0x00000000cb200000, 0x00000000cb300000|  0%| F|  |TAMS 0x00000000cb200000, 0x00000000cb200000| Untracked 
| 179|0x00000000cb300000, 0x00000000cb300000, 0x00000000cb400000|  0%| F|  |TAMS 0x00000000cb300000, 0x00000000cb300000| Untracked 
| 180|0x00000000cb400000, 0x00000000cb500000, 0x00000000cb500000|100%| E|  |TAMS 0x00000000cb400000, 0x00000000cb400000| Complete 
| 181|0x00000000cb500000, 0x00000000cb600000, 0x00000000cb600000|100%| E|CS|TAMS 0x00000000cb500000, 0x00000000cb500000| Complete 
| 182|0x00000000cb600000, 0x00000000cb700000, 0x00000000cb700000|100%| E|CS|TAMS 0x00000000cb600000, 0x00000000cb600000| Complete 
| 183|0x00000000cb700000, 0x00000000cb800000, 0x00000000cb800000|100%| E|CS|TAMS 0x00000000cb700000, 0x00000000cb700000| Complete 
| 184|0x00000000cb800000, 0x00000000cb900000, 0x00000000cb900000|100%| E|CS|TAMS 0x00000000cb800000, 0x00000000cb800000| Complete 
| 185|0x00000000cb900000, 0x00000000cba00000, 0x00000000cba00000|100%| E|CS|TAMS 0x00000000cb900000, 0x00000000cb900000| Complete 
| 186|0x00000000cba00000, 0x00000000cbb00000, 0x00000000cbb00000|100%| E|CS|TAMS 0x00000000cba00000, 0x00000000cba00000| Complete 
| 187|0x00000000cbb00000, 0x00000000cbc00000, 0x00000000cbc00000|100%| E|CS|TAMS 0x00000000cbb00000, 0x00000000cbb00000| Complete 
| 188|0x00000000cbc00000, 0x00000000cbd00000, 0x00000000cbd00000|100%| E|CS|TAMS 0x00000000cbc00000, 0x00000000cbc00000| Complete 
| 189|0x00000000cbd00000, 0x00000000cbe00000, 0x00000000cbe00000|100%| E|CS|TAMS 0x00000000cbd00000, 0x00000000cbd00000| Complete 
| 190|0x00000000cbe00000, 0x00000000cbf00000, 0x00000000cbf00000|100%| E|CS|TAMS 0x00000000cbe00000, 0x00000000cbe00000| Complete 
| 191|0x00000000cbf00000, 0x00000000cc000000, 0x00000000cc000000|100%| E|CS|TAMS 0x00000000cbf00000, 0x00000000cbf00000| Complete 
| 192|0x00000000cc000000, 0x00000000cc100000, 0x00000000cc100000|100%| E|CS|TAMS 0x00000000cc000000, 0x00000000cc000000| Complete 
| 193|0x00000000cc100000, 0x00000000cc200000, 0x00000000cc200000|100%| E|CS|TAMS 0x00000000cc100000, 0x00000000cc100000| Complete 
| 194|0x00000000cc200000, 0x00000000cc300000, 0x00000000cc300000|100%| E|CS|TAMS 0x00000000cc200000, 0x00000000cc200000| Complete 
| 195|0x00000000cc300000, 0x00000000cc400000, 0x00000000cc400000|100%| E|CS|TAMS 0x00000000cc300000, 0x00000000cc300000| Complete 
| 196|0x00000000cc400000, 0x00000000cc500000, 0x00000000cc500000|100%| E|CS|TAMS 0x00000000cc400000, 0x00000000cc400000| Complete 
| 197|0x00000000cc500000, 0x00000000cc600000, 0x00000000cc600000|100%| E|CS|TAMS 0x00000000cc500000, 0x00000000cc500000| Complete 
| 198|0x00000000cc600000, 0x00000000cc700000, 0x00000000cc700000|100%| E|CS|TAMS 0x00000000cc600000, 0x00000000cc600000| Complete 
| 199|0x00000000cc700000, 0x00000000cc800000, 0x00000000cc800000|100%| E|CS|TAMS 0x00000000cc700000, 0x00000000cc700000| Complete 
| 200|0x00000000cc800000, 0x00000000cc900000, 0x00000000cc900000|100%| E|CS|TAMS 0x00000000cc800000, 0x00000000cc800000| Complete 
| 201|0x00000000cc900000, 0x00000000cca00000, 0x00000000cca00000|100%| E|CS|TAMS 0x00000000cc900000, 0x00000000cc900000| Complete 
| 202|0x00000000cca00000, 0x00000000ccb00000, 0x00000000ccb00000|100%| E|CS|TAMS 0x00000000cca00000, 0x00000000cca00000| Complete 
| 203|0x00000000ccb00000, 0x00000000ccc00000, 0x00000000ccc00000|100%| E|CS|TAMS 0x00000000ccb00000, 0x00000000ccb00000| Complete 
| 204|0x00000000ccc00000, 0x00000000ccd00000, 0x00000000ccd00000|100%| E|CS|TAMS 0x00000000ccc00000, 0x00000000ccc00000| Complete 
| 205|0x00000000ccd00000, 0x00000000cce00000, 0x00000000cce00000|100%| E|CS|TAMS 0x00000000ccd00000, 0x00000000ccd00000| Complete 
| 206|0x00000000cce00000, 0x00000000ccf00000, 0x00000000ccf00000|100%| E|CS|TAMS 0x00000000cce00000, 0x00000000cce00000| Complete 
| 207|0x00000000ccf00000, 0x00000000cd000000, 0x00000000cd000000|100%| E|CS|TAMS 0x00000000ccf00000, 0x00000000ccf00000| Complete 
| 208|0x00000000cd000000, 0x00000000cd100000, 0x00000000cd100000|100%| E|CS|TAMS 0x00000000cd000000, 0x00000000cd000000| Complete 
| 209|0x00000000cd100000, 0x00000000cd200000, 0x00000000cd200000|100%| E|CS|TAMS 0x00000000cd100000, 0x00000000cd100000| Complete 
| 210|0x00000000cd200000, 0x00000000cd300000, 0x00000000cd300000|100%| E|CS|TAMS 0x00000000cd200000, 0x00000000cd200000| Complete 
| 211|0x00000000cd300000, 0x00000000cd400000, 0x00000000cd400000|100%| E|CS|TAMS 0x00000000cd300000, 0x00000000cd300000| Complete 
| 212|0x00000000cd400000, 0x00000000cd500000, 0x00000000cd500000|100%| E|CS|TAMS 0x00000000cd400000, 0x00000000cd400000| Complete 
| 213|0x00000000cd500000, 0x00000000cd600000, 0x00000000cd600000|100%| E|CS|TAMS 0x00000000cd500000, 0x00000000cd500000| Complete 
| 214|0x00000000cd600000, 0x00000000cd700000, 0x00000000cd700000|100%| E|CS|TAMS 0x00000000cd600000, 0x00000000cd600000| Complete 
| 215|0x00000000cd700000, 0x00000000cd800000, 0x00000000cd800000|100%| E|CS|TAMS 0x00000000cd700000, 0x00000000cd700000| Complete 
| 216|0x00000000cd800000, 0x00000000cd900000, 0x00000000cd900000|100%| E|CS|TAMS 0x00000000cd800000, 0x00000000cd800000| Complete 
| 217|0x00000000cd900000, 0x00000000cda00000, 0x00000000cda00000|100%| E|CS|TAMS 0x00000000cd900000, 0x00000000cd900000| Complete 
| 218|0x00000000cda00000, 0x00000000cdb00000, 0x00000000cdb00000|100%| E|CS|TAMS 0x00000000cda00000, 0x00000000cda00000| Complete 
| 219|0x00000000cdb00000, 0x00000000cdc00000, 0x00000000cdc00000|100%| E|CS|TAMS 0x00000000cdb00000, 0x00000000cdb00000| Complete 
| 220|0x00000000cdc00000, 0x00000000cdd00000, 0x00000000cdd00000|100%| E|CS|TAMS 0x00000000cdc00000, 0x00000000cdc00000| Complete 
| 221|0x00000000cdd00000, 0x00000000cde00000, 0x00000000cde00000|100%| E|CS|TAMS 0x00000000cdd00000, 0x00000000cdd00000| Complete 
| 222|0x00000000cde00000, 0x00000000cdf00000, 0x00000000cdf00000|100%| E|CS|TAMS 0x00000000cde00000, 0x00000000cde00000| Complete 
| 223|0x00000000cdf00000, 0x00000000ce000000, 0x00000000ce000000|100%| E|CS|TAMS 0x00000000cdf00000, 0x00000000cdf00000| Complete 
| 399|0x00000000d8f00000, 0x00000000d9000000, 0x00000000d9000000|100%| E|CS|TAMS 0x00000000d8f00000, 0x00000000d8f00000| Complete 
| 400|0x00000000d9000000, 0x00000000d9100000, 0x00000000d9100000|100%| E|CS|TAMS 0x00000000d9000000, 0x00000000d9000000| Complete 
| 401|0x00000000d9100000, 0x00000000d9200000, 0x00000000d9200000|100%| E|CS|TAMS 0x00000000d9100000, 0x00000000d9100000| Complete 

Card table byte_map: [0x0000029daac70000,0x0000029daae70000] _byte_map_base: 0x0000029daa670000

Marking Bits (Prev, Next): (CMBitMap*) 0x0000029d941799e0, (CMBitMap*) 0x0000029d941799a0
 Prev Bits: [0x0000029dac070000, 0x0000029dad070000)
 Next Bits: [0x0000029dab070000, 0x0000029dac070000)

Polling page: 0x0000029d941f0000

Metaspace:

Usage:
  Non-class:     28.20 MB used.
      Class:      2.96 MB used.
       Both:     31.16 MB used.

Virtual space:
  Non-class space:       64.00 MB reserved,      28.81 MB ( 45%) committed,  1 nodes.
      Class space:        1.00 GB reserved,       3.56 MB ( <1%) committed,  1 nodes.
             Both:        1.06 GB reserved,      32.38 MB (  3%) committed. 

Chunk freelists:
   Non-Class:  3.31 MB
       Class:  613.00 KB
        Both:  3.91 MB

MaxMetaspaceSize: unlimited
CompressedClassSpaceSize: 1.00 GB
Initial GC threshold: 21.00 MB
Current GC threshold: 54.00 MB
CDS: on
MetaspaceReclaimPolicy: balanced
 - commit_granule_bytes: 65536.
 - commit_granule_words: 8192.
 - virtual_space_node_default_size: 8388608.
 - enlarge_chunks_in_place: 1.
 - new_chunks_are_fully_committed: 0.
 - uncommit_free_chunks: 1.
 - use_allocation_guard: 0.


Internal statistics:

num_allocs_failed_limit: 3.
num_arena_births: 1026.
num_arena_deaths: 422.
num_vsnodes_births: 2.
num_vsnodes_deaths: 0.
num_space_committed: 521.
num_space_uncommitted: 2.
num_chunks_returned_to_freelist: 535.
num_chunks_taken_from_freelist: 2503.
num_chunk_merges: 207.
num_chunk_splits: 1556.
num_chunks_enlarged: 907.
num_inconsistent_stats: 0.

CodeHeap 'non-profiled nmethods': size=120000Kb used=9159Kb max_used=9479Kb free=110841Kb
 bounds [0x0000029da28b0000, 0x0000029da3200000, 0x0000029da9de0000]
CodeHeap 'profiled nmethods': size=120000Kb used=15815Kb max_used=17374Kb free=104184Kb
 bounds [0x0000029d9ade0000, 0x0000029d9bee0000, 0x0000029da2310000]
CodeHeap 'non-nmethods': size=5760Kb used=1398Kb max_used=1483Kb free=4361Kb
 bounds [0x0000029da2310000, 0x0000029da2580000, 0x0000029da28b0000]
 total_blobs=8496 nmethods=7857 adapters=547
 compilation: enabled
              stopped_count=0, restarted_count=0
 full_count=0

Compilation events (20 events):
Event: 6354.970 Thread 0x0000029db7718130 nmethod 10759 0x0000029da2c4da10 code [0x0000029da2c4dbc0, 0x0000029da2c4dd10]
Event: 6354.970 Thread 0x0000029db7718130 10766       4       org.eclipse.core.internal.resources.SaveManager::writeElement (36 bytes)
Event: 6354.972 Thread 0x0000029db7718130 nmethod 10766 0x0000029da2985a10 code [0x0000029da2985be0, 0x0000029da2985dc0]
Event: 6354.972 Thread 0x0000029db7718130 10761       4       java.io.OutputStream::write (34 bytes)
Event: 6354.975 Thread 0x0000029db7717ba0 nmethod 10757 0x0000029da2bcb210 code [0x0000029da2bcb4c0, 0x0000029da2bcce48]
Event: 6354.975 Thread 0x0000029db7717ba0 10760   !   4       org.eclipse.core.internal.localstore.SafeFileOutputStream::write (20 bytes)
Event: 6354.975 Thread 0x0000029db402e2e0 10774       3       java.lang.StringBuilder::append (8 bytes)
Event: 6354.976 Thread 0x0000029db402e2e0 nmethod 10774 0x0000029d9b4ec590 code [0x0000029d9b4ec740, 0x0000029d9b4ec888]
Event: 6354.976 Thread 0x0000029db402e2e0 10775       3       java.lang.AbstractStringBuilder::append (60 bytes)
Event: 6354.976 Thread 0x0000029db402e2e0 nmethod 10775 0x0000029d9b360810 code [0x0000029d9b360a00, 0x0000029d9b360d38]
Event: 6354.984 Thread 0x0000029db7717ba0 nmethod 10760 0x0000029da30a5410 code [0x0000029da30a5600, 0x0000029da30a5d10]
Event: 6354.984 Thread 0x0000029db7717ba0 10762       4       org.eclipse.core.internal.watson.ElementTreeWriter$1::writeData (25 bytes)
Event: 6354.988 Thread 0x0000029db7718130 nmethod 10761 0x0000029da2aab610 code [0x0000029da2aab820, 0x0000029da2aac3f0]
Event: 6354.990 Thread 0x0000029db7717ba0 nmethod 10762 0x0000029da2bca690 code [0x0000029da2bca880, 0x0000029da2bcacf0]
Event: 6355.002 Thread 0x0000029db402e2e0 10777       3       org.eclipse.osgi.framework.util.CaseInsensitiveDictionaryMap::computeHashCode (76 bytes)
Event: 6355.005 Thread 0x0000029db402e2e0 nmethod 10777 0x0000029d9b4da890 code [0x0000029d9b4daae0, 0x0000029d9b4db338]
Event: 6355.005 Thread 0x0000029db402e2e0 10778       3       org.eclipse.osgi.internal.framework.FilterImpl$Item::compare_ObjectArray (38 bytes)
Event: 6355.007 Thread 0x0000029db402e2e0 nmethod 10778 0x0000029d9b818c10 code [0x0000029d9b818dc0, 0x0000029d9b819068]
Event: 6355.007 Thread 0x0000029db402e2e0 10779       3       java.lang.Math::min (46 bytes)
Event: 6355.007 Thread 0x0000029db402e2e0 nmethod 10779 0x0000029d9b919510 code [0x0000029d9b9196c0, 0x0000029d9b919a18]

GC Heap History (20 events):
Event: 3527.555 GC heap before
{Heap before GC invocations=286 (full 0):
 garbage-first heap   total 137216K, used 119248K [0x00000000c0000000, 0x0000000100000000)
  region size 1024K, 55 young (56320K), 1 survivors (1024K)
 Metaspace       used 31726K, committed 33088K, reserved 1114112K
  class space    used 3004K, committed 3648K, reserved 1048576K
}
Event: 3527.559 GC heap after
{Heap after GC invocations=287 (full 0):
 garbage-first heap   total 137216K, used 65035K [0x00000000c0000000, 0x0000000100000000)
  region size 1024K, 1 young (1024K), 1 survivors (1024K)
 Metaspace       used 31726K, committed 33088K, reserved 1114112K
  class space    used 3004K, committed 3648K, reserved 1048576K
}
Event: 3620.910 GC heap before
{Heap before GC invocations=288 (full 0):
 garbage-first heap   total 137216K, used 120331K [0x00000000c0000000, 0x0000000100000000)
  region size 1024K, 55 young (56320K), 1 survivors (1024K)
 Metaspace       used 31726K, committed 33088K, reserved 1114112K
  class space    used 3004K, committed 3648K, reserved 1048576K
}
Event: 3620.927 GC heap after
{Heap after GC invocations=289 (full 0):
 garbage-first heap   total 137216K, used 65024K [0x00000000c0000000, 0x0000000100000000)
  region size 1024K, 1 young (1024K), 1 survivors (1024K)
 Metaspace       used 31726K, committed 33088K, reserved 1114112K
  class space    used 3004K, committed 3648K, reserved 1048576K
}
Event: 3620.940 GC heap before
{Heap before GC invocations=289 (full 0):
 garbage-first heap   total 137216K, used 70144K [0x00000000c0000000, 0x0000000100000000)
  region size 1024K, 6 young (6144K), 1 survivors (1024K)
 Metaspace       used 31726K, committed 33088K, reserved 1114112K
  class space    used 3004K, committed 3648K, reserved 1048576K
}
Event: 3620.956 GC heap after
{Heap after GC invocations=290 (full 0):
 garbage-first heap   total 137216K, used 64954K [0x00000000c0000000, 0x0000000100000000)
  region size 1024K, 1 young (1024K), 1 survivors (1024K)
 Metaspace       used 31726K, committed 33088K, reserved 1114112K
  class space    used 3004K, committed 3648K, reserved 1048576K
}
Event: 3714.415 GC heap before
{Heap before GC invocations=290 (full 0):
 garbage-first heap   total 137216K, used 119226K [0x00000000c0000000, 0x0000000100000000)
  region size 1024K, 55 young (56320K), 1 survivors (1024K)
 Metaspace       used 31735K, committed 33088K, reserved 1114112K
  class space    used 3004K, committed 3648K, reserved 1048576K
}
Event: 3714.421 GC heap after
{Heap after GC invocations=291 (full 0):
 garbage-first heap   total 411648K, used 64903K [0x00000000c0000000, 0x0000000100000000)
  region size 1024K, 1 young (1024K), 1 survivors (1024K)
 Metaspace       used 31735K, committed 33088K, reserved 1114112K
  class space    used 3004K, committed 3648K, reserved 1048576K
}
Event: 4306.778 GC heap before
{Heap before GC invocations=292 (full 0):
 garbage-first heap   total 235520K, used 205191K [0x00000000c0000000, 0x0000000100000000)
  region size 1024K, 138 young (141312K), 1 survivors (1024K)
 Metaspace       used 31746K, committed 33088K, reserved 1114112K
  class space    used 3004K, committed 3648K, reserved 1048576K
}
Event: 4306.799 GC heap after
{Heap after GC invocations=293 (full 0):
 garbage-first heap   total 235520K, used 64892K [0x00000000c0000000, 0x0000000100000000)
  region size 1024K, 1 young (1024K), 1 survivors (1024K)
 Metaspace       used 31746K, committed 33088K, reserved 1114112K
  class space    used 3004K, committed 3648K, reserved 1048576K
}
Event: 4337.822 GC heap before
{Heap before GC invocations=293 (full 0):
 garbage-first heap   total 235520K, used 75132K [0x00000000c0000000, 0x0000000100000000)
  region size 1024K, 11 young (11264K), 1 survivors (1024K)
 Metaspace       used 31746K, committed 33088K, reserved 1114112K
  class space    used 3004K, committed 3648K, reserved 1048576K
}
Event: 4337.825 GC heap after
{Heap after GC invocations=294 (full 0):
 garbage-first heap   total 235520K, used 64933K [0x00000000c0000000, 0x0000000100000000)
  region size 1024K, 1 young (1024K), 1 survivors (1024K)
 Metaspace       used 31746K, committed 33088K, reserved 1114112K
  class space    used 3004K, committed 3648K, reserved 1048576K
}
Event: 4929.224 GC heap before
{Heap before GC invocations=294 (full 0):
 garbage-first heap   total 235520K, used 204197K [0x00000000c0000000, 0x0000000100000000)
  region size 1024K, 138 young (141312K), 1 survivors (1024K)
 Metaspace       used 31747K, committed 33088K, reserved 1114112K
  class space    used 3004K, committed 3648K, reserved 1048576K
}
Event: 4929.236 GC heap after
{Heap after GC invocations=295 (full 0):
 garbage-first heap   total 235520K, used 64897K [0x00000000c0000000, 0x0000000100000000)
  region size 1024K, 1 young (1024K), 1 survivors (1024K)
 Metaspace       used 31747K, committed 33088K, reserved 1114112K
  class space    used 3004K, committed 3648K, reserved 1048576K
}
Event: 5505.151 GC heap before
{Heap before GC invocations=296 (full 0):
 garbage-first heap   total 235520K, used 205185K [0x00000000c0000000, 0x0000000100000000)
  region size 1024K, 138 young (141312K), 1 survivors (1024K)
 Metaspace       used 31747K, committed 33152K, reserved 1114112K
  class space    used 3004K, committed 3648K, reserved 1048576K
}
Event: 5505.234 GC heap after
{Heap after GC invocations=297 (full 0):
 garbage-first heap   total 235520K, used 64982K [0x00000000c0000000, 0x0000000100000000)
  region size 1024K, 1 young (1024K), 1 survivors (1024K)
 Metaspace       used 31747K, committed 33152K, reserved 1114112K
  class space    used 3004K, committed 3648K, reserved 1048576K
}
Event: 5572.376 GC heap before
{Heap before GC invocations=297 (full 0):
 garbage-first heap   total 235520K, used 75222K [0x00000000c0000000, 0x0000000100000000)
  region size 1024K, 11 young (11264K), 1 survivors (1024K)
 Metaspace       used 31747K, committed 33152K, reserved 1114112K
  class space    used 3004K, committed 3648K, reserved 1048576K
}
Event: 5572.412 GC heap after
{Heap after GC invocations=298 (full 0):
 garbage-first heap   total 235520K, used 64886K [0x00000000c0000000, 0x0000000100000000)
  region size 1024K, 1 young (1024K), 1 survivors (1024K)
 Metaspace       used 31747K, committed 33152K, reserved 1114112K
  class space    used 3004K, committed 3648K, reserved 1048576K
}
Event: 6162.375 GC heap before
{Heap before GC invocations=298 (full 0):
 garbage-first heap   total 235520K, used 204150K [0x00000000c0000000, 0x0000000100000000)
  region size 1024K, 138 young (141312K), 1 survivors (1024K)
 Metaspace       used 31762K, committed 33152K, reserved 1114112K
  class space    used 3004K, committed 3648K, reserved 1048576K
}
Event: 6162.434 GC heap after
{Heap after GC invocations=299 (full 0):
 garbage-first heap   total 235520K, used 64937K [0x00000000c0000000, 0x0000000100000000)
  region size 1024K, 1 young (1024K), 1 survivors (1024K)
 Metaspace       used 31762K, committed 33152K, reserved 1114112K
  class space    used 3004K, committed 3648K, reserved 1048576K
}

Dll operation events (12 events):
Event: 0.009 Loaded shared library C:\Users\davil\.pydev_vscode\java19\jdk-19.0.2+7-jre\bin\java.dll
Event: 0.020 Loaded shared library C:\Users\davil\.pydev_vscode\java19\jdk-19.0.2+7-jre\bin\jsvml.dll
Event: 0.141 Loaded shared library C:\Users\davil\.pydev_vscode\java19\jdk-19.0.2+7-jre\bin\net.dll
Event: 0.198 Loaded shared library C:\Users\davil\.pydev_vscode\java19\jdk-19.0.2+7-jre\bin\nio.dll
Event: 0.226 Loaded shared library C:\Users\davil\.pydev_vscode\java19\jdk-19.0.2+7-jre\bin\zip.dll
Event: 0.278 Loaded shared library C:\Users\davil\.pydev_vscode\java19\jdk-19.0.2+7-jre\bin\jimage.dll
Event: 0.792 Loaded shared library C:\Users\davil\.vscode\extensions\fabioz.vscode-pydev-0.15.2\server\plugins\org.eclipse.equinox.launcher.win32.win32.x86_64_1.2.900.v20240213-1244\eclipse_11900.dll
Event: 2.743 Loaded shared library C:\Users\davil\.pydev_vscode\java19\jdk-19.0.2+7-jre\bin\management.dll
Event: 2.776 Loaded shared library C:\Users\davil\.pydev_vscode\java19\jdk-19.0.2+7-jre\bin\management_ext.dll
Event: 7.699 Loaded shared library C:\Users\davil\.vscode\extensions\fabioz.vscode-pydev-0.15.2\server\config_win\org.eclipse.osgi\13\0\.cp\os\win32\x86_64\localfile_1_0_0.dll
Event: 7.770 Loaded shared library C:\Users\davil\.vscode\extensions\fabioz.vscode-pydev-0.15.2\server\config_win\org.eclipse.osgi\16\0\.cp\os\win32\x86_64\win32refresh.dll
Event: 361.737 Loaded shared library C:\Users\davil\.pydev_vscode\java19\jdk-19.0.2+7-jre\bin\extnet.dll

Deoptimization events (20 events):
Event: 6354.789 Thread 0x0000029db5726f60 Uncommon trap: trap_request=0xffffffde fr.pc=0x0000029da2bffe54 relative=0x00000000000005b4
Event: 6354.789 Thread 0x0000029db5726f60 Uncommon trap: reason=class_check action=maybe_recompile pc=0x0000029da2bffe54 method=java.io.DataOutputStream.writeLong(J)V @ 108 c2
Event: 6354.789 Thread 0x0000029db5726f60 DEOPT PACKING pc=0x0000029da2bffe54 sp=0x000000eb009fe570
Event: 6354.789 Thread 0x0000029db5726f60 DEOPT UNPACKING pc=0x0000029da2376da3 sp=0x000000eb009fe538 mode 2
Event: 6354.961 Thread 0x0000029db5726f60 Uncommon trap: trap_request=0xffffff45 fr.pc=0x0000029da3156c64 relative=0x0000000000001964
Event: 6354.961 Thread 0x0000029db5726f60 Uncommon trap: reason=unstable_if action=reinterpret pc=0x0000029da3156c64 method=java.util.TimSort.countRunAndMakeAscending([Ljava/lang/Object;IILjava/util/Comparator;)I @ 54 c2
Event: 6354.961 Thread 0x0000029db5726f60 DEOPT PACKING pc=0x0000029da3156c64 sp=0x000000eb009fe970
Event: 6354.961 Thread 0x0000029db5726f60 DEOPT UNPACKING pc=0x0000029da2376da3 sp=0x000000eb009fe7c0 mode 2
Event: 6354.995 Thread 0x0000029d941364b0 Uncommon trap: trap_request=0xffffff45 fr.pc=0x0000029da2d4edfc relative=0x00000000000001dc
Event: 6354.995 Thread 0x0000029d941364b0 Uncommon trap: reason=unstable_if action=reinterpret pc=0x0000029da2d4edfc method=org.eclipse.core.internal.runtime.Log.isLoggable(Lorg/osgi/framework/Bundle;Ljava/lang/String;I)Z @ 6 c2
Event: 6354.995 Thread 0x0000029d941364b0 DEOPT PACKING pc=0x0000029da2d4edfc sp=0x000000eb7dbfe300
Event: 6354.995 Thread 0x0000029d941364b0 DEOPT UNPACKING pc=0x0000029da2376da3 sp=0x000000eb7dbfe290 mode 2
Event: 6355.003 Thread 0x0000029db5726f60 Uncommon trap: trap_request=0xffffff45 fr.pc=0x0000029da2f07ea0 relative=0x0000000000004240
Event: 6355.003 Thread 0x0000029db5726f60 Uncommon trap: reason=unstable_if action=reinterpret pc=0x0000029da2f07ea0 method=java.lang.invoke.MethodType.genericMethodType(IZ)Ljava/lang/invoke/MethodType; @ 27 c2
Event: 6355.003 Thread 0x0000029db5726f60 DEOPT PACKING pc=0x0000029da2f07ea0 sp=0x000000eb009fd4d0
Event: 6355.003 Thread 0x0000029db5726f60 DEOPT UNPACKING pc=0x0000029da2376da3 sp=0x000000eb009fd2f0 mode 2
Event: 6355.004 Thread 0x0000029db5726f60 Uncommon trap: trap_request=0xffffff45 fr.pc=0x0000029da29a68f0 relative=0x0000000000000370
Event: 6355.004 Thread 0x0000029db5726f60 Uncommon trap: reason=unstable_if action=reinterpret pc=0x0000029da29a68f0 method=java.lang.invoke.MethodType.genericMethodType(IZ)Ljava/lang/invoke/MethodType; @ 27 c2
Event: 6355.004 Thread 0x0000029db5726f60 DEOPT PACKING pc=0x0000029da29a68f0 sp=0x000000eb009fd440
Event: 6355.004 Thread 0x0000029db5726f60 DEOPT UNPACKING pc=0x0000029da2376da3 sp=0x000000eb009fd358 mode 2

Classes loaded (20 events):
Event: 363.900 Loading class jdk/internal/logger/LoggerFinderLoader
Event: 363.900 Loading class jdk/internal/logger/LoggerFinderLoader done
Event: 363.901 Loading class sun/util/logging/internal/LoggingProviderImpl$JULWrapper
Event: 363.901 Loading class sun/util/logging/internal/LoggingProviderImpl$JULWrapper done
Event: 363.902 Loading class java/io/ObjectInputFilter$Config$BuiltinFilterFactory
Event: 363.902 Loading class java/io/ObjectInputFilter$Config$BuiltinFilterFactory done
Event: 363.902 Loading class jdk/internal/access/JavaObjectInputFilterAccess
Event: 363.902 Loading class jdk/internal/access/JavaObjectInputFilterAccess done
Event: 363.903 Loading class jdk/internal/event/DeserializationEvent
Event: 363.903 Loading class jdk/internal/event/DeserializationEvent done
Event: 6354.425 Loading class java/io/FileReader
Event: 6354.435 Loading class java/io/FileReader done
Event: 6354.913 Loading class java/util/Collections$EmptyListIterator
Event: 6354.918 Loading class java/util/Collections$EmptyListIterator done
Event: 6354.927 Loading class java/util/stream/Streams$RangeIntSpliterator
Event: 6354.936 Loading class java/util/stream/Streams$RangeIntSpliterator done
Event: 6354.954 Loading class java/util/stream/IntPipeline$1
Event: 6354.962 Loading class java/util/stream/IntPipeline$1 done
Event: 6354.965 Loading class java/util/stream/IntPipeline$1$1
Event: 6354.970 Loading class java/util/stream/IntPipeline$1$1 done

Classes unloaded (20 events):
Event: 2309.989 Thread 0x0000029dafd337e0 Unloading class 0x0000000800f36800 'java/lang/invoke/LambdaForm$MH+0x0000000800f36800'
Event: 2309.989 Thread 0x0000029dafd337e0 Unloading class 0x0000000800f36400 'java/lang/invoke/LambdaForm$MH+0x0000000800f36400'
Event: 2309.989 Thread 0x0000029dafd337e0 Unloading class 0x0000000800f36000 'java/lang/invoke/LambdaForm$MH+0x0000000800f36000'
Event: 2309.989 Thread 0x0000029dafd337e0 Unloading class 0x0000000800f35c00 'java/lang/invoke/LambdaForm$MH+0x0000000800f35c00'
Event: 2309.989 Thread 0x0000029dafd337e0 Unloading class 0x0000000800f35800 'java/lang/invoke/LambdaForm$MH+0x0000000800f35800'
Event: 2309.989 Thread 0x0000029dafd337e0 Unloading class 0x0000000800f35400 'java/lang/invoke/LambdaForm$MH+0x0000000800f35400'
Event: 2309.989 Thread 0x0000029dafd337e0 Unloading class 0x0000000800f35000 'java/lang/invoke/LambdaForm$MH+0x0000000800f35000'
Event: 2309.989 Thread 0x0000029dafd337e0 Unloading class 0x0000000800f34c00 'java/lang/invoke/LambdaForm$MH+0x0000000800f34c00'
Event: 2309.989 Thread 0x0000029dafd337e0 Unloading class 0x0000000800f34800 'java/lang/invoke/LambdaForm$MH+0x0000000800f34800'
Event: 2309.989 Thread 0x0000029dafd337e0 Unloading class 0x0000000800f34400 'java/lang/invoke/LambdaForm$MH+0x0000000800f34400'
Event: 2309.989 Thread 0x0000029dafd337e0 Unloading class 0x0000000800f34000 'java/lang/invoke/LambdaForm$MH+0x0000000800f34000'
Event: 2309.989 Thread 0x0000029dafd337e0 Unloading class 0x0000000800f33c00 'java/lang/invoke/LambdaForm$MH+0x0000000800f33c00'
Event: 2309.989 Thread 0x0000029dafd337e0 Unloading class 0x0000000800f33800 'java/lang/invoke/LambdaForm$MH+0x0000000800f33800'
Event: 2309.989 Thread 0x0000029dafd337e0 Unloading class 0x0000000800f33400 'java/lang/invoke/LambdaForm$MH+0x0000000800f33400'
Event: 2309.989 Thread 0x0000029dafd337e0 Unloading class 0x0000000800f33000 'java/lang/invoke/LambdaForm$MH+0x0000000800f33000'
Event: 2309.989 Thread 0x0000029dafd337e0 Unloading class 0x0000000800f32c00 'java/lang/invoke/LambdaForm$MH+0x0000000800f32c00'
Event: 2309.989 Thread 0x0000029dafd337e0 Unloading class 0x0000000800f32800 'java/lang/invoke/LambdaForm$MH+0x0000000800f32800'
Event: 2309.989 Thread 0x0000029dafd337e0 Unloading class 0x0000000800f32400 'java/lang/invoke/LambdaForm$MH+0x0000000800f32400'
Event: 2309.989 Thread 0x0000029dafd337e0 Unloading class 0x0000000800f32000 'java/lang/invoke/LambdaForm$MH+0x0000000800f32000'
Event: 2309.989 Thread 0x0000029dafd337e0 Unloading class 0x0000000800f31c00 'java/lang/invoke/LambdaForm$MH+0x0000000800f31c00'

Classes redefined (0 events):
No events

Internal exceptions (20 events):
Event: 311.128 Thread 0x0000029db4edf5b0 Exception <a 'java/lang/IncompatibleClassChangeError'{0x00000000c4436850}: Found class java.lang.Object, but interface was expected> (0x00000000c4436850) 
thrown [s\src\hotspot\share\interpreter\linkResolver.cpp, line 841]
Event: 322.671 Thread 0x0000029db5723a40 Implicit null exception at 0x0000029da2cd19fe to 0x0000029da2cd500c
Event: 322.679 Thread 0x0000029db5723a40 Implicit null exception at 0x0000029da2cd79d6 to 0x0000029da2cdacec
Event: 323.854 Thread 0x0000029db5723a40 Exception <a 'java/lang/NoSuchMethodError'{0x00000000c7092198}: 'int java.lang.invoke.DirectMethodHandle$Holder.invokeVirtual(java.lang.Object, java.lang.Object, java.lang.Object)'> (0x00000000c7092198) 
thrown [s\src\hotspot\share\interpreter\linkResolver.cpp, line 774]
Event: 323.950 Thread 0x0000029db5724a30 Exception <a 'java/lang/NoSuchMethodError'{0x00000000cdd9b980}: 'java.lang.Object java.lang.invoke.DirectMethodHandle$Holder.newInvokeSpecial(java.lang.Object, java.lang.Object, java.lang.Object, java.lang.Object, java.lang.Object, java.lang.Object, java.lang.Object)'> (0x00000000cdd9b980) 
thrown [s\src\hotspot\share\interpreter\linkResolver.cpp, line 774]
Event: 332.320 Thread 0x0000029db5724a30 Implicit null exception at 0x0000029da2aff1f5 to 0x0000029da2b01440
Event: 341.145 Thread 0x0000029db5723a40 Implicit null exception at 0x0000029da2c69010 to 0x0000029da2c691e4
Event: 353.608 Thread 0x0000029db5724a30 Implicit null exception at 0x0000029da2d48ab4 to 0x0000029da2d49ba0
Event: 353.644 Thread 0x0000029db5724a30 Implicit null exception at 0x0000029da2dc55f7 to 0x0000029da2dc7a80
Event: 361.689 Thread 0x0000029db4edf5b0 Exception <a 'java/lang/IncompatibleClassChangeError'{0x00000000ca70d0f8}: Found class java.lang.Object, but interface was expected> (0x00000000ca70d0f8) 
thrown [s\src\hotspot\share\interpreter\linkResolver.cpp, line 841]
Event: 363.018 Thread 0x0000029db4e80be0 Exception <a 'java/lang/NoSuchMethodError'{0x00000000ca8c24a8}: 'long java.lang.invoke.DirectMethodHandle$Holder.invokeSpecial(java.lang.Object, java.lang.Object)'> (0x00000000ca8c24a8) 
thrown [s\src\hotspot\share\interpreter\linkResolver.cpp, line 774]
Event: 363.019 Thread 0x0000029db4e80be0 Exception <a 'java/lang/NoSuchMethodError'{0x00000000ca8c5b50}: 'long java.lang.invoke.Invokers$Holder.invokeExact_MT(java.lang.Object, java.lang.Object)'> (0x00000000ca8c5b50) 
thrown [s\src\hotspot\share\interpreter\linkResolver.cpp, line 774]
Event: 363.196 Thread 0x0000029db5724a30 Implicit null exception at 0x0000029da2dac57b to 0x0000029da2db0768
Event: 411.052 Thread 0x0000029db5723a40 Implicit null exception at 0x0000029da2c52c13 to 0x0000029da2c52de0
Event: 603.105 Thread 0x0000029db4e80be0 Implicit null exception at 0x0000029da2bfa7fc to 0x0000029da2bfb164
Event: 711.980 Thread 0x0000029db57289f0 Implicit null exception at 0x0000029da2cfe264 to 0x0000029da2d01b6c
Event: 1052.949 Thread 0x0000029db4ede070 Implicit null exception at 0x0000029da2ac2beb to 0x0000029da2ac2c66
Event: 6353.908 Thread 0x0000029db4ee05a0 Implicit null exception at 0x0000029da307c8a3 to 0x0000029da3081a4c
Event: 6354.118 Thread 0x0000029db4ee05a0 Implicit null exception at 0x0000029da2a611e3 to 0x0000029da2a612a8
Event: 6355.007 Thread 0x0000029db5726f60 Exception <a 'java/lang/NoSuchMethodError'{0x00000000cb768c10}: 'java.lang.Object java.lang.invoke.DirectMethodHandle$Holder.newInvokeSpecial(java.lang.Object, java.lang.Object, java.lang.Object, java.lang.Object, java.lang.Object, java.lang.Object, java.lang.Object, java.lang.Object, java.lang.Object, java.lang.Object)'> (0x00000000cb768c10) 
thrown [s\src\hotspot\share\interpreter\linkResolver.cpp, line 774]

VM Operations (20 events):
Event: 4929.304 Executing VM operation: G1PauseRemark
Event: 4929.326 Executing VM operation: G1PauseRemark done
Event: 4929.339 Executing VM operation: G1PauseCleanup
Event: 4929.340 Executing VM operation: G1PauseCleanup done
Event: 5505.144 Executing VM operation: G1CollectForAllocation
Event: 5505.234 Executing VM operation: G1CollectForAllocation done
Event: 5572.368 Executing VM operation: G1CollectForAllocation
Event: 5572.412 Executing VM operation: G1CollectForAllocation done
Event: 6162.367 Executing VM operation: G1CollectForAllocation
Event: 6162.435 Executing VM operation: G1CollectForAllocation done
Event: 6162.689 Executing VM operation: G1PauseRemark
Event: 6162.787 Executing VM operation: G1PauseRemark done
Event: 6162.804 Executing VM operation: G1PauseCleanup
Event: 6162.806 Executing VM operation: G1PauseCleanup done
Event: 6208.954 Executing VM operation: Cleanup
Event: 6208.955 Executing VM operation: Cleanup done
Event: 6354.502 Executing VM operation: HandshakeAllThreads
Event: 6354.504 Executing VM operation: HandshakeAllThreads done
Event: 6354.505 Executing VM operation: Cleanup
Event: 6354.506 Executing VM operation: Cleanup done

Events (20 events):
Event: 4539.339 Thread 0x0000029db5726f60 Thread added: 0x0000029db5726f60
Event: 4769.381 Thread 0x0000029db57284a0 Thread exited: 0x0000029db57284a0
Event: 4864.851 Thread 0x0000029db5727a00 Thread added: 0x0000029db5727a00
Event: 5018.662 Thread 0x0000029db5727a00 Thread exited: 0x0000029db5727a00
Event: 5138.272 Thread 0x0000029db5727a00 Thread added: 0x0000029db5727a00
Event: 5360.171 Thread 0x0000029db5727a00 Thread exited: 0x0000029db5727a00
Event: 5383.247 Thread 0x0000029db5723a40 Thread added: 0x0000029db5723a40
Event: 5480.642 Thread 0x0000029db5723a40 Thread exited: 0x0000029db5723a40
Event: 5491.825 Thread 0x0000029db57284a0 Thread added: 0x0000029db57284a0
Event: 5593.388 Thread 0x0000029db57284a0 Thread exited: 0x0000029db57284a0
Event: 5749.462 Thread 0x0000029db5724a30 Thread added: 0x0000029db5724a30
Event: 5895.238 Thread 0x0000029db5724a30 Thread exited: 0x0000029db5724a30
Event: 5906.326 Thread 0x0000029db5725f70 Thread added: 0x0000029db5725f70
Event: 6044.019 Thread 0x0000029db5726f60 Thread exited: 0x0000029db5726f60
Event: 6063.141 Thread 0x0000029db5723a40 Thread added: 0x0000029db5723a40
Event: 6354.649 Thread 0x0000029db5726f60 Thread added: 0x0000029db5726f60
Event: 6354.812 Thread 0x0000029db57264c0 Thread exited: 0x0000029db57264c0
Event: 6354.813 Thread 0x0000029db5722a50 Thread exited: 0x0000029db5722a50
Event: 6354.907 Thread 0x0000029db7718130 Thread added: 0x0000029db7718130
Event: 6354.907 Thread 0x0000029db7717ba0 Thread added: 0x0000029db7717ba0


Dynamic libraries:
0x00007ff653900000 - 0x00007ff65390e000 	C:\Users\davil\.pydev_vscode\java19\jdk-19.0.2+7-jre\bin\java.exe
0x00007ffc49150000 - 0x00007ffc49367000 	C:\WINDOWS\SYSTEM32\ntdll.dll
0x00007ffc46dc0000 - 0x00007ffc46e84000 	C:\WINDOWS\System32\KERNEL32.DLL
0x00007ffc46360000 - 0x00007ffc46733000 	C:\WINDOWS\System32\KERNELBASE.dll
0x00007ffc468a0000 - 0x00007ffc469b1000 	C:\WINDOWS\System32\ucrtbase.dll
0x00007ffb178d0000 - 0x00007ffb178e7000 	C:\Users\davil\.pydev_vscode\java19\jdk-19.0.2+7-jre\bin\jli.dll
0x00007ffb053f0000 - 0x00007ffb05409000 	C:\Users\davil\.pydev_vscode\java19\jdk-19.0.2+7-jre\bin\VCRUNTIME140.dll
0x00007ffc48aa0000 - 0x00007ffc48c51000 	C:\WINDOWS\System32\USER32.dll
0x00007ffc36a60000 - 0x00007ffc36cfb000 	C:\WINDOWS\WinSxS\amd64_microsoft.windows.common-controls_6595b64144ccf1df_6.0.22621.5262_none_2712bde373830908\COMCTL32.dll
0x00007ffc46740000 - 0x00007ffc46766000 	C:\WINDOWS\System32\win32u.dll
0x00007ffc47e90000 - 0x00007ffc47f37000 	C:\WINDOWS\System32\msvcrt.dll
0x00007ffc47e30000 - 0x00007ffc47e59000 	C:\WINDOWS\System32\GDI32.dll
0x00007ffc46770000 - 0x00007ffc46892000 	C:\WINDOWS\System32\gdi32full.dll
0x00007ffc46a70000 - 0x00007ffc46b0a000 	C:\WINDOWS\System32\msvcp_win.dll
0x00007ffc48000000 - 0x00007ffc48031000 	C:\WINDOWS\System32\IMM32.DLL
0x00007ffb9ddb0000 - 0x00007ffb9ddbc000 	C:\Users\davil\.pydev_vscode\java19\jdk-19.0.2+7-jre\bin\vcruntime140_1.dll
0x00007ffaff100000 - 0x00007ffaff191000 	C:\Users\davil\.pydev_vscode\java19\jdk-19.0.2+7-jre\bin\msvcp140.dll
0x00007ffad4460000 - 0x00007ffad5151000 	C:\Users\davil\.pydev_vscode\java19\jdk-19.0.2+7-jre\bin\server\jvm.dll
0x00007ffc47f40000 - 0x00007ffc47ff1000 	C:\WINDOWS\System32\ADVAPI32.dll
0x00007ffc46f20000 - 0x00007ffc46fc7000 	C:\WINDOWS\System32\sechost.dll
0x00007ffc46a40000 - 0x00007ffc46a68000 	C:\WINDOWS\System32\bcrypt.dll
0x00007ffc46fd0000 - 0x00007ffc470e4000 	C:\WINDOWS\System32\RPCRT4.dll
0x00007ffc2b1c0000 - 0x00007ffc2b1c9000 	C:\WINDOWS\SYSTEM32\WSOCK32.dll
0x00007ffc47cb0000 - 0x00007ffc47d21000 	C:\WINDOWS\System32\WS2_32.dll
0x00007ffc41e20000 - 0x00007ffc41e54000 	C:\WINDOWS\SYSTEM32\WINMM.dll
0x00007ffc42640000 - 0x00007ffc4264a000 	C:\WINDOWS\SYSTEM32\VERSION.dll
0x00007ffc45260000 - 0x00007ffc45278000 	C:\WINDOWS\SYSTEM32\kernel.appcore.dll
0x00007ffb86e20000 - 0x00007ffb86e2a000 	C:\Users\davil\.pydev_vscode\java19\jdk-19.0.2+7-jre\bin\jimage.dll
0x00007ffc43d40000 - 0x00007ffc43f72000 	C:\WINDOWS\SYSTEM32\DBGHELP.DLL
0x00007ffc48650000 - 0x00007ffc489e3000 	C:\WINDOWS\System32\combase.dll
0x00007ffc48570000 - 0x00007ffc48647000 	C:\WINDOWS\System32\OLEAUT32.dll
0x00007ffc2a3e0000 - 0x00007ffc2a412000 	C:\WINDOWS\SYSTEM32\dbgcore.DLL
0x00007ffc46c80000 - 0x00007ffc46cfb000 	C:\WINDOWS\System32\bcryptPrimitives.dll
0x00007ffb01a40000 - 0x00007ffb01a66000 	C:\Users\davil\.pydev_vscode\java19\jdk-19.0.2+7-jre\bin\java.dll
0x00007ffada1f0000 - 0x00007ffada2c6000 	C:\Users\davil\.pydev_vscode\java19\jdk-19.0.2+7-jre\bin\jsvml.dll
0x00007ffc470f0000 - 0x00007ffc4798d000 	C:\WINDOWS\System32\SHELL32.dll
0x00007ffc46220000 - 0x00007ffc4635f000 	C:\WINDOWS\System32\wintypes.dll
0x00007ffc44160000 - 0x00007ffc44a7d000 	C:\WINDOWS\SYSTEM32\windows.storage.dll
0x00007ffc47b80000 - 0x00007ffc47c8b000 	C:\WINDOWS\System32\SHCORE.dll
0x00007ffc47b10000 - 0x00007ffc47b76000 	C:\WINDOWS\System32\shlwapi.dll
0x00007ffc46150000 - 0x00007ffc4617b000 	C:\WINDOWS\SYSTEM32\profapi.dll
0x00007ffb01a20000 - 0x00007ffb01a33000 	C:\Users\davil\.pydev_vscode\java19\jdk-19.0.2+7-jre\bin\net.dll
0x00007ffc41cf0000 - 0x00007ffc41e1c000 	C:\WINDOWS\SYSTEM32\WINHTTP.dll
0x00007ffc456e0000 - 0x00007ffc4574a000 	C:\WINDOWS\system32\mswsock.dll
0x00007ffaff6a0000 - 0x00007ffaff6b6000 	C:\Users\davil\.pydev_vscode\java19\jdk-19.0.2+7-jre\bin\nio.dll
0x00007ffaff680000 - 0x00007ffaff698000 	C:\Users\davil\.pydev_vscode\java19\jdk-19.0.2+7-jre\bin\zip.dll
0x00007ffaff0c0000 - 0x00007ffaff0fe000 	C:\Users\davil\.vscode\extensions\fabioz.vscode-pydev-0.15.2\server\plugins\org.eclipse.equinox.launcher.win32.win32.x86_64_1.2.900.v20240213-1244\eclipse_11900.dll
0x00007ffc48200000 - 0x00007ffc483a1000 	C:\WINDOWS\System32\ole32.dll
0x00007ffc36f30000 - 0x00007ffc36f39000 	C:\Users\davil\.pydev_vscode\java19\jdk-19.0.2+7-jre\bin\management.dll
0x00007ffc35a40000 - 0x00007ffc35a4b000 	C:\Users\davil\.pydev_vscode\java19\jdk-19.0.2+7-jre\bin\management_ext.dll
0x00007ffc46e90000 - 0x00007ffc46e98000 	C:\WINDOWS\System32\PSAPI.DLL
0x0000000180000000 - 0x0000000180012000 	C:\Users\davil\.vscode\extensions\fabioz.vscode-pydev-0.15.2\server\config_win\org.eclipse.osgi\13\0\.cp\os\win32\x86_64\localfile_1_0_0.dll
0x00007ffaff660000 - 0x00007ffaff67b000 	C:\Users\davil\.vscode\extensions\fabioz.vscode-pydev-0.15.2\server\config_win\org.eclipse.osgi\16\0\.cp\os\win32\x86_64\win32refresh.dll
0x00007ffc45930000 - 0x00007ffc4593c000 	C:\WINDOWS\SYSTEM32\CRYPTBASE.DLL
0x00007ffc34b90000 - 0x00007ffc34b98000 	C:\Users\davil\.pydev_vscode\java19\jdk-19.0.2+7-jre\bin\extnet.dll

dbghelp: loaded successfully - version: 4.0.5 - missing functions: none
symbol engine: initialized successfully - sym options: 0x614 - pdb path: .;C:\Users\davil\.pydev_vscode\java19\jdk-19.0.2+7-jre\bin;C:\WINDOWS\SYSTEM32;C:\WINDOWS\WinSxS\amd64_microsoft.windows.common-controls_6595b64144ccf1df_6.0.22621.5262_none_2712bde373830908;C:\Users\davil\.pydev_vscode\java19\jdk-19.0.2+7-jre\bin\server;C:\Users\davil\.vscode\extensions\fabioz.vscode-pydev-0.15.2\server\plugins\org.eclipse.equinox.launcher.win32.win32.x86_64_1.2.900.v20240213-1244;C:\Users\davil\.vscode\extensions\fabioz.vscode-pydev-0.15.2\server\config_win\org.eclipse.osgi\13\0\.cp\os\win32\x86_64;C:\Users\davil\.vscode\extensions\fabioz.vscode-pydev-0.15.2\server\config_win\org.eclipse.osgi\16\0\.cp\os\win32\x86_64

VM Arguments:
jvm_args: --add-modules=ALL-SYSTEM --add-opens=java.base/java.util=ALL-UNNAMED --add-opens=java.base/java.lang=ALL-UNNAMED -Declipse.application=org.python.pydev.pydev_lsp.application -Dosgi.bundles.defaultStartLevel=4 -Declipse.product=org.python.pydev.pydev_lsp.product -Xmx1G -XX:+UseG1GC -XX:+UseStringDeduplication 
java_command: c:\Users\davil\.vscode\extensions\fabioz.vscode-pydev-0.15.2\server\plugins\org.eclipse.equinox.launcher_1.6.700.v20240213-1244.jar -configuration c:\Users\davil\.vscode\extensions\fabioz.vscode-pydev-0.15.2\server\config_win -data c:\Users\davil\AppData\Roaming\Code\User\workspaceStorage\7ee8a3e5cf2ddaea2bd8b2713b16515b\fabioz.vscode-pydev\pydev_ws
java_class_path (initial): c:\Users\davil\.vscode\extensions\fabioz.vscode-pydev-0.15.2\server\plugins\org.eclipse.equinox.launcher_1.6.700.v20240213-1244.jar
Launcher Type: SUN_STANDARD

[Global flags]
     intx CICompilerCount                          = 4                                         {product} {ergonomic}
     uint ConcGCThreads                            = 3                                         {product} {ergonomic}
     uint G1ConcRefinementThreads                  = 10                                        {product} {ergonomic}
   size_t G1HeapRegionSize                         = 1048576                                   {product} {ergonomic}
    uintx GCDrainStackTargetSize                   = 64                                        {product} {ergonomic}
   size_t InitialHeapSize                          = 232783872                                 {product} {ergonomic}
   size_t MarkStackSize                            = 4194304                                   {product} {ergonomic}
   size_t MaxHeapSize                              = 1073741824                                {product} {command line}
   size_t MaxNewSize                               = 643825664                                 {product} {ergonomic}
   size_t MinHeapDeltaBytes                        = 1048576                                   {product} {ergonomic}
   size_t MinHeapSize                              = 8388608                                   {product} {ergonomic}
    uintx NonNMethodCodeHeapSize                   = 5839372                                {pd product} {ergonomic}
    uintx NonProfiledCodeHeapSize                  = 122909434                              {pd product} {ergonomic}
    uintx ProfiledCodeHeapSize                     = 122909434                              {pd product} {ergonomic}
    uintx ReservedCodeCacheSize                    = 251658240                              {pd product} {ergonomic}
     bool SegmentedCodeCache                       = true                                      {product} {ergonomic}
   size_t SoftMaxHeapSize                          = 1073741824                             {manageable} {ergonomic}
     bool UseCompressedClassPointers               = true                           {product lp64_product} {ergonomic}
     bool UseCompressedOops                        = true                           {product lp64_product} {ergonomic}
     bool UseG1GC                                  = true                                      {product} {command line}
     bool UseLargePagesIndividualAllocation        = false                                  {pd product} {ergonomic}
     bool UseStringDeduplication                   = true                                      {product} {command line}

Logging:
Log output configuration:
 #0: stdout all=warning uptime,level,tags foldmultilines=false
 #1: stderr all=off uptime,level,tags foldmultilines=false

Environment Variables:
JAVA_HOME=C:\Program Files\Java\jdk-17
PATH=C:\Program Files\Common Files\Oracle\Java\javapath;C:\Program Files (x86)\Common Files\Oracle\Java\java8path;C:\Program Files (x86)\Common Files\Oracle\Java\javapath;C:\Program Files (x86)\VMware\VMware Workstation\bin\;C:\Windows\system32;C:\Windows;C:\Windows\System32\Wbem;C:\Windows\System32\WindowsPowerShell\v1.0\;C:\Windows\System32\OpenSSH\;C:\Program Files (x86)\NVIDIA Corporation\PhysX\Common;C:\WINDOWS\system32;C:\WINDOWS;C:\WINDOWS\System32\Wbem;C:\WINDOWS\System32\WindowsPowerShell\v1.0\;C:\WINDOWS\System32\OpenSSH\;C:\Program Files\php-8.3.11;C:\ProgramData\chocolatey\bin;C:\Program Files\MongoDB\Server\7.0\bin;C:\composer;C:\sqldeveloper;C:\Program Files\Microsoft SQL Server\150\Tools\Binn\;C:\app\davil\product\21c\dbhomeXE\bin;C:\Program Files\NVIDIA Corporation\NVIDIA app\NvDLISR;C:\Program Files\Git\cmd;C:\Program Files\dotnet\;C:\Program Files\Java\jdk-17\bin;C:\Program Files\Java\jdk-17\bin;C:\bin\apache-maven-3.9.9\bin;C:\Program Files (x86)\Windows Kits\10\Windows Performance Toolkit\;C:\Program Files\nodejs\;C:\Users\davil\AppData\Local\Programs\Python\Python313\Scripts\;C:\Users\davil\AppData\Local\Programs\Python\Python313\;C:\Users\davil\AppData\Local\Microsoft\WindowsApps;C:\Users\davil\AppData\Local\Programs\Microsoft VS Code\bin;C:\Program Files\MongoDB\Server\7.0\bin;C:\Users\davil\AppData\Roaming\Composer\vendor\bin;C:\Users\davil\AppData\Local\GitHubDesktop\bin;C:\app\davil\product\21c\dbhomeXE\bin;C:\Program Files\Java\jdk-17;C:\Users\davil\AppData\Roaming\npm
USERNAME=davil
OS=Windows_NT
PROCESSOR_IDENTIFIER=AMD64 Family 25 Model 80 Stepping 0, AuthenticAMD
TMP=C:\Users\davil\AppData\Local\Temp
TEMP=C:\Users\davil\AppData\Local\Temp



---------------  S Y S T E M  ---------------

OS:
 Windows 11 , 64 bit Build 22621 (10.0.22621.5262)
OS uptime: 5 days 8:47 hours

CPU: total 12 (initial active 12) (12 cores per cpu, 2 threads per core) family 25 model 80 stepping 0 microcode 0x0, cx8, cmov, fxsr, ht, mmx, 3dnowpref, sse, sse2, sse3, ssse3, sse4a, sse4.1, sse4.2, popcnt, lzcnt, tsc, tscinvbit, avx, avx2, aes, erms, clmul, bmi1, bmi2, adx, sha, fma, vzeroupper, clflush, clflushopt, rdtscp, rdpid, fsrm

Memory: 4k page, system-wide physical 14188M (1058M free)
TotalPageFile size 38198M (AvailPageFile size 3M)
current process WorkingSet (physical memory assigned to process): 95M, peak: 280M
current process commit charge ("private bytes"): 427M, peak: 631M

vm_info: OpenJDK 64-Bit Server VM (19.0.2+7) for windows-amd64 JRE (19.0.2+7), built on 2023-01-17T00:00:00Z by "temurin" with MS VC++ 16.7 (VS2019)

END.
